010001010100100111101000001101100	0100101010100010000011001
101011100110110001110111000111010	1010100111001011001101011
010001110111000100111010100110010	0100101011101100111010110
011101010110010111001001011000000	0111101010101001001100010
101110110000011110000111011011010	1011011101100001001110101
010110110110101111010101110010111	0101111101101010101011111
011000001001111000111110111010011	0110010000010111100011111
100101011011011001110010011110000	1001010010111101000010101
011110100101100001111001011110100	0111100101000110010010001
110001110011101101100000010110000	1100011011101110011001000
110011010001010001101001011110101	1100000110100101100000010
001111010110000011110100110101000	0011100110101000001000011
000101011000010100000100101001011	0001001010110001111000100
011101001100010110011111001100100	0111101010010001001010111
101010001110011001101110011011011	1010110100011001100111001
110011101100100011000000000000110	1100100111010010010000001
001010001011000110100101101101011	0010001100011100100000110
110101110100001010000111011001000	1101110011100000000101111
110100001011000000000110100100110	1101000000011100000110001
001101000111001001101101000101011	0011110010001100110010111
011111111011001101101111111010110	0111011111111100010100001
100101110001111101011111010101101	1001011011100111100000100
100110110010001001010100000010101	1001010101101000100000110
000010010011110001011010010001101	0000000100101111100000100
011001000101111010011101111111001	0110110010000111100000000
011000010011000010011000000110100	0110000000101100000110011
111011110000110110011001100110101	1110001111100011100000010
000001010111000010100111010000000	0000100010101100010011100
001110110000001000101110000011001	0011010101100000100000000
010101000101011010101101110000111	0101110010000101110101110
001010101110001100101001110001010	0010111101011000001110000
100000001001000000100011110110101	1000000000010100100000110
011101011110111101100110100111000	0111111010111011010000000
110010010101001001101111010110010	1100110100100100010011101
011010011110010100111011110111010	0110101100111001000101100
110011011110100000111011000001101	1100100110111010100000100
110011001000101011000101011001100	1100010110010010001000101
001101111001101100011011100000101	0011011011110110100000110
111001011000100011001010010101010	1110000010110010010010010
000101011100110101110110110110000	0001101010110011000101000
010111010111111011110010101111101	0101110110101111100000100
100110110011000000010101000100000	1001000101101100011100011
110000111010010101010101111101000	1100001001111001000010110
100010010001001100001101110001011	1000011100100100110011101
100100010101010011100001111100000	1001100000100101001011001
000100110010110101100111001010000	0001001001101011000001010
000101100100110100010101000101110	0001101011000011010000011
010110011001011111100001110010010	0101011100110101010110100
010101000010011010111001110011101	0101010010001001100000010
000110100110110010101011011000011	0001100101001011101111111
101110101001010000001100100101001	1011000101010101100000100
001010001111101110110011010101100	0010111100011110001111101
011110000111100101010111101001001	0111101100001110100000100
000110111100000000000011111111011	0001100101110000100100001
100101001000011000101000000100011	1001010010010001110101111
100100011110110111000011011110011	1001101000111011101100111
000101111110101100011100000101010	0001111011111010011100111
101100100101010001000100011101001	1011100001000101100000100
011001000111101111100000110000100	0110111010001110000111010
110100000110100000000001101110011	1101100000001010100011110
010110111001100111100011100010101	0101001101110110100000110
010000011010101111001000011110101	0100011000111010100000110
001101011100011111100110000010010	0011111010110011101001111
001011010101010110100111110110110	0010101110100101000001111
111011000011011011000001111111111	1110010110001101101101100
110000011011011110111010101100000	1100011000111101011100010
010001001101010001100100010011111	0100100010010101100111011
110111111100011011101100001100010	1101110111110001011101011
111110011101111000000100000000010	1111110100110111010011110
010010000010100011010110001001100	0100000100001010000000110
101100111100000011101001001000100	1011100001110000000010011
011010100001001110011000111110111	0110011101000100101010111
110001010110001010110010010110110	1100110010101000001010100
101001010100011110111110000010110	1010111010100001001000110
000011100000011010001000010011111	0000010111000001100100000
001011010101101111100011001010100	0010111110100110010011101
010001010100111011011110110111100	0100110010100011000100011
101110010001001010111101110100010	1011010100100100010101010
111010010000111001110001010011011	1110010100100011100110110
011001100000001010101111011111110	0110010011000000000001101
000111000001110101001001011111111	0001001110000111101100001
001010001011010010100100101000011	0010000100011101110000111
101100000001111000000001010000010	1011010000000111001011010
001010101110101011001011011000100	0010110101011010011010000
101010011010000011000101101010001	1010000100111000100000010
100101000101011011011100110111110	1001110010000101001101010
100100101011101100110001000011011	1001011001011110101001101
011101100100001011110100101010001	0111110011000000100000110
101001010101010100011000110001011	1010101010100101100111101
101011100000110011101101100100110	1010000111000011001001011
100111000111101111101000110011100	1001111110001110000100110
001100111101011110111001111001010	0011111001110101011110111
011000101101011101111111010101000	0110111001010101000110011
100101011010000101001001111001100	1001001010111000010001100
010001101010011010111001111111100	0100010011011001000101010
100100101011101101100001000000011	1001011001011110101001111
101001011100111000100110000101010	1010110010110011011000101
011111011110011000111101011011000	0111110110111001000110101
000110110011000001010000100100110	0001000101101100001000110
010001100100100100010000100111101	0100101011000010100000110
110011110011011111110011001110101	1100011111101101100000010
101001010010110111110100000010000	1010001010101011011111110
111111110100101110010011100110001	1111111111100010100000010
111110100011011111111101100111001	1111011101001101100000100
100001001011000111011010101100010	1000001010011100010001110
010010010001000001100110110010101	0100000100100100100000110
011110010000011011010000001010100	0111010100100001001010011
111110011001000111011111000011001	1111001100110100100000100
010011110101110111100111011100011	0100101111100111110101111
100111010001000101110001100010101	1001001110100100100000110
110010001011001101100010000010001	1100011100011100100000110
110111101110001010001100110111111	1101110111011000110110111
010010011001110001010000001010111	0100000100110111100101111
001010010101101111000000100111011	0010111100100110100011110
011001100111101100101011111001010	0110111011001110000000110
010000011101100101001110001110010	0100101000110110100110100
011011111111011100110000101000111	0110111111111101100001110
010000110001100000010110001101000	0100000001100110010001011
001101111110100000111100110101011	0011100011111010111101111
101000100101111101001101111100110	1010111001000111011101011
001011000001111110010011011100101	0010011110000111100000110
010001100110000110001110100001101	0100101011001000100000100
111011111001001000000011111110001	1110010111110100100000110
110010101110011010011010100101110	1100110101011001000001101
111000010010111010001001111010011	1110010000101011111110110
110011100011101010110110100011111	1100010111001110100010110
111010001101101010111000011100000	1110110100010110001001101
110111010011000101111011001101100	1101001110101100000101100
010001010010101101110001110011111	0100011010101010111110101
011010100010001011011110101001110	0110010101001000001100111
001010011100011100001101110000011	0010111100110001111000110
101011101100111010110001010000010	1010110111010011000001001
010110111101000110001110111001111	0101101101110100101111111
111011110110000011100100100000101	1110100111101000100000110
001000011000000100111001101111001	0010001000110000100000100
010111100110001011100100001000001	0101110111001000100000110
101001100001111000110111010100110	1010010011000111011010110
001001010000100001000011011001010	0010000010100010010111000
011100010101010111110101110111100	0111101000100101000000111
011000110100101101010011000011011	0110111001100010110000001
001011100100011000011110001000011	0010110111000001100101111
111101101100011000011000111011000	1111110011010001001001111
001100100001000001101100000111000	0011000001000100000100000
011000111100011000110101001101001	0110110001110001100000110
010110001010110010110101100111001	0101000100011011100000110
101110001110110001101011101101111	1011100100011011101001111
111111111111001000011001011001011	1111110111111100110000110
100010000110011000101110010010111	1000110100001001101000111
010000111111101101010111001011000	0100111001111110010000001
000010100001011001001000101111110	0000010101000101001000100
100001110011001011010001111101111	1000010011101100110101110
111111000010110001101001001100100	1111000110001011011001101
111010110100011001001011110011010	1110110101100001010101101
111001110111010010011101010111110	1110100011101101000011110
010001001110011001010001101100000	0100110010011001011111100
001110011001001010101001100111010	0011010100110100010000101
110111001000100111000010110010000	1101001110010010011110000
100110110111110001100101010011000	1001100101101111000011001
100100100111011001000011100010111	1001110001001101111110110
011010111010111010110001001000110	0110010101111011010110001
010101001010011000100001110001100	0101010010011001011101011
111100001001111001101111110001000	1111010000010111011000100
011111111110101111010010100011011	0111111111111010110110100
100110001010100101101111011000011	1001001100011010111000111
101010111010111101101101011010110	1010011101111011010111011
110001100110100111100010111110111	1100101011001010100100011
010000101110010111001110000000100	0100101001011001000011101
000000011110011110101101101101101	0000111000111001100000110
011110111111001010110001010100110	0111110101111100011010100
001000011100011000010101000101001	0010110000110001100000110
101001000011011101010001000110001	1010011010001101100000110
111100000100100100001101110111111	1111101000000010101000100
111011110100010000001111100111001	1110100111100001100000010
001101000111011001001010101100010	0011110010001101001011001
000010010000001000111101001100011	0000010100100000111100110
111101110111101001001101101000011	1111110011101110111000110
100010000000011010101110111011100	1000010100000001000101110
010000011001111001100010101100001	0100010000110111100000110
001100011011101101000001101110100	0011011000111110001100011
110000001100000011011101011101010	1100100000010000010010110
110000111100010011101111101100111	1100100001110001100000111
010111001100101001010000010101010	0101110110010010011110111
001100100011111110110001100111001	0011011001001111100000100
001010001010000010101111010001001	0010000100011000100000110
100010110101110101011100101011001	1000101101100111100000100
101111101001111001010101000101110	1011010111010111000001101
110010110011001010100111111110100	1100010101101100000101000
111110111001010100111000110100110	1111001101110101001011011
110010100000110010110001010010011	1100000101000011100101010
111100111011011011001100111100001	1111010001111101100000110
111001010101111001110001111111001	1110110010100111100000110
100001110100100110111110111000000	1000101011100010011001101
110000100011001000011011010101111	1100010001001100101101111
001100000101011010100001110010100	0011110000000101000001111
110111101010101111100010001011101	1101011111011010100000010
111111001011011000110000110010111	1111010110011101100001010
110110100000010100011100011000001	1101001101000001100000110
101110110000110010001110101010010	0011000101100011110100011
010001110101110001001100111100101	0100100011100111100000110
001011111110010101000011010000001	0010101111111001100000110
101100001010001000011000011111011	1011010000011000111100011
101010100110001110011111000011111	1010111101001000110011111
110111001011000100111100000111010	1101001110011100001101010
100110111111001010101100000100011	1001110101111100100100111
010111110000110001101001100111011	0101000111100011100000100
111011010000010100010010111100110	1110001110100001011111110
111000000100010101100000010011000	1110101000000001010001001
100100001110000001110010001100001	1001100000011000100000110
101001010101111010101100000001001	1010110010100111100000100
101000100011001001001111010111100	1010010001001100010011001
001000011011100000010011101101110	0010000000111110010111111
000000001111100010011001011111111	0000100000011110100001110
110110000110101101110000111001101	1101111100001010100000110
010111010011010100010101101000010	0101001110101101001011011
110101110011110011011100000100111	1101000011101111101010110
011110110101011110111100001011000	0111111101100101001011101
001110101001111101000010011111010	0011011101010111011010110
101101000101101001101000001000111	1011110010000110101111110
101101001110110010100000001101001	1011100010011011100000110
110100001011110001101010111001111	1101000000011111101010110
101101010100111110000100111001110	1011111010100011001011001
110110111011011010111111101101100	1101010101111101010101100
110110111110110010100101001000111	1101100101101011111101110
110100101010000100110000011110100	1101001001011000001000100
000101010001011001110111001110000	0001010010100101001111001
000010011010001111111010110110011	0000011100111000111000110
011101101100001101110011010100000	0111111011010000010010011
110110011111011101101110000010011	1101111100111101111001011
010111011001100010100001001010010	0101000110010110100011100
000100001001101010100010111000001	0001010000010110100000110
011101110011011110110101111100111	0111011011101101100010110
111111010011010010001111001000101	1111000110101101100000110
110001001101001111000110101010101	1100111010010100100000110
010000101010011010111111100100100	0100010001011001011100111
101100011001010101110001011010100	1011001000110101000010111
000000001111111010111000111000000	0000110000011111000010100
111010110111010010010111000011011	1110100101101101111101010
010011110000010010000100100001101	0100000111100001100000100
010101101100011111100110001110001	0101111011010001100000010
000010010101001101100001110100011	0000111100100100110000111
011001001000000010010100111010101	0110000010010000100000110
101001010101011010010000010111111	1010110010100101100100001
011111010010110010111011010011011	0111000110101011100111110
101010010011010010010110000010111	1010000100101101101011010
000111101101001000110001101110101	0001110111010100100000010
010100000101110110111010110100110	0101101000000111011110101
111010000101101111000011100010100	1110111100000110010001101
001101011111100001100111111001110	0011100010111110001100101
011000011000010001111110110000111	0110000000110001101000110
100110011101010000011000010111111	1001100100110101101010100
101000010110011110111110111101011	1010111000101001101101101
010001001110001101010001010100111	0100111010011000101111111
010000000100011111010011110110101	0100111000000001100000110
000101011011010011111100111001101	0001000010111101100000110
101111101100000101111000101101001	1011101111010000100000110
100001001011100110101110100000001	1000001010011110100000110
010011111011001010001011101100110	0100010111111100000000010
110100010011101001010001011100111	1101010000101110111010111
111101010101000111110010100100100	1111101010100100001000100
111110111011001110000100111111111	1111011101111100100100101
010010110100001111101001111110101	0100111101100000100000110
001011010010000111100100000100101	0010001110101000100000110
101110010110111000000110000110010	1011110100101011011100000
100100001101110111001101110110010	1001101000010111000100111
011001010011111011011011011100011	0110010010101111111110111
111100110111110010000110111001001	1111100001101111100000100
010101110011011101010100001110000	0101011011101101010100000
100001011010010010000010010111101	1000000010111001100000110
001100101010101010011110001101010	0011010001011010000101011
011000110101000001101001101101101	0110100001100100100000100
101000010001110000100001011000000	1010000000100111011010001
101001010100100000110001010111010	1010100010100010010100110
101001000100101010100101011011110	1010110010000010010100001
001000110111010100111011001111010	0010101001101101000011001
011101010110000000110000100111010	0111100010101000001100011
010111001010000111001010110000000	0101001110011000010011101
110010001110010001000110000100100	1100100100011001010011010
100010100111010011010101010000000	1000100101001101000101010
100001100000111110001111011110100	1000011011000011000100010
101010001111100101100001011000110	1010101100011110001010011
001010011100010101111011010101110	0010101100110001010101011
101011110100111111111001101110100	1010111111100011001111100
000110000110011010010001101110000	0001110100001001001001110
100010100011100101111011111111100	1000001101001110011100011
110111010100010000000100000111110	1101100110100001110011110
110010000111010000000010010010111	1100100100001101100000111
111101011000001000110011000000101	1111010010110000100000110
101100000110111101111110011111110	1011111000001011010100010
000010001111011010100001100000100	0000110100011101001111011
110001100010101100000111110010000	1100011011001010001001111
111011001001101000101000110111001	1110010110010110100000000
110001101101101100010010000001111	1100111011010110101001100
110101100001010010011011000110100	1101000011000101001000010
000111111101101010010001101011000	0001110111110110001011001
000011010010010110110111011100111	0000001110101001101100110
001010000010111100011100000100010	0010011100001011011101101
000101000111000011111001111000110	0001100010001100000110100
101001000101100101101101110111111	1010101010000110110101010
001110111100000111110101110110001	0011101101110000100000110
000111011010100101000010011000011	0001001110111010100100111
001001110010101111001001000110111	0010011011101010101001110
011010101000001011000101000011011	0110010101010000101000011
010001010001000100100011100000110	0100001010100100001101011
000111100001101001010011110000011	0001010111000110110011110
011110110001011010101010001100110	0111010101100101000111101
011100001111100100100100010011101	0111101000011110100000110
100000010010000011001101100011000	1000000000101000011010100
100111111101011111000011110100011	1001111111110101101010110
100010101001100111101011000001111	1000001101010110110110100
100111000101101100000100111110011	1001111110000110111100010
111000011011011101100111001101100	1110011000111101011111111
000111111110010100110111000001001	0001101111111001100000100
101011011011010000000001101001100	1010000110111101001100011
110011011000101100000111101111001	1100011110110010100000110
110000000000001000100011100111110	1100010000000000011000100
010101001111101111000110111000000	0101111010011110011001000
111110000110101111001101100010110	1111111100001010010110001
101011111000110110011010001001011	1010001111110011101111100
000000111010011100110111010111001	0000011001111001100000000
001001000010111001110101001100100	0010010010001011010110110
001100001111011110001000000101010	0011111000011101010101100
000111000001101111010001100100000	0001011110000110011111010
100111110001010001111110011010101	1001000111100101100000110
110100110101000110111001111011010	1101101001100100000110001
011011100100001101100000110011101	0110111111000000100000110
101001101001001100111111000111111	1010011011010100111101110
100001100000100010001010100011011	1000000011000010110010010
001011010110001110000001111010100	0010111110101000011110110
101001001110100101110010100001100	1010101010011010000001000
111100111001101010110001011000010	1111010001110110001000111
101101101011001111011010010001000	1011011011011100011101000
010010101000111001101011011000000	0100010101010011000100010
011110000010101110111001101101111	0111011100001010101101101
100111101000011011000110110110000	1001010111010001011100000
001101011001101011111111110101000	0011010010110110010100110
100100101011111111010001001111001	1001011001011111100000110
010111011010011100110110110101011	0101011110111001100010101
001100111010000101010101111010101	0011001001111000100000010
010011110100101111110100011001010	0100111111100010000000010
100001010000100000000110110011111	1000000010100010110101101
110011100011011100110111001101111	1100011111001101111011100
101001100001000110010011111000010	1010001011000100010111111
110101001100001011111010001011111	1101110010010000111111110
100100010011110001110101000100111	1001000000101111110101110
110000101100100110011100011001110	1100101001010010010111010
011011010110111100011101100101110	0110111110101011011110011
000101111101111111111110001011101	0001111011110111100000100
110111010110101111101001111010110	1101111110101010000000100
010010010010111101000100110001110	0100011100101011011001001
111111101001011010100000100111011	1111010111010101111100100
111000011001101111101110010010000	1110011000110110000011100
111100110000110011101110010000111	1111000001100011100100111
000010110001110110100010110000101	0000001101100111100000110
000001000011000011000101100100100	0000000010001100011100011
101100000111101001100111000000010	1011110000001110011011000
001101010011110001111101101010111	0011000010101111100101110
110000000000011000110110011011010	0100010000000001111100010
110111100101000011000001111011000	1101100111000100011011110
011011110000011100100111000100110	0110011111100001000011101
000110010111000110111010011011110	0001101100101100001000010
101100011011010001101010110010011	1011000000111101110011111
111011111000010001011001011111110	1110000111110001010111010
101100101111011100101101110100000	1011111001011101010100101
100011000110101100001100100100111	1000111110001010100011110
000001111110001001111110111101010	0000110011111000010110011
101001111101100011110001110000001	1010100011110110100000110
010001011011101110010110011101111	0100011010111110100001110
110001111001100011101111010100101	1100000011110110100000110
111000111000010010100110000110111	1110000001110001100001110
100010110010101110101001111100101	1000011101101010100000110
110000001111111000010010100001100	1100110000011111010111100
101110100110000001010101000000000	1011100101001000000001011
001010101010110100010111100101110	0010001101011011010110001
011010001101111101001111110101000	0110111100010111001001000
001101011001011110000001101110010	0011011010110101110110100
110110011000010111101111010100100	1101001100110001000000001
101111011111110010010110111010111	1011100110111111100111011
010011010011110100101011101100100	0100001110101111000001100
001110011100010010010110111010000	0011100100110001001011101
100110010000101110001101101010010	1001011100100010010001101
000111100000000011010100100010000	0001000111000000000010110
011101011001110110001111101110001	0111001010110111100000010
101011110010101000001001001101111	1010010111101010111000111
011101010000110101100001011100111	0111001010100011100010111
100111110111011111010010011110001	1001111111101101100000010
110011100101111101101000100001101	1100111111000111100000100
110011101000011001011001010001011	1100010111010001110101111
100101000101010110010100111110111	1001101010000101110010111
011000001111000111001000111100000	0110101000011100000111101
001000100001101110101100001110111	0010011001000110101011111
100010100000010001011000111011010	1000000101000001000100001
010010110101001100111001111111000	0100111101100100001101110
111110011010101100001010000111111	1111011100111010110110110
011110111000110000000001000100001	0111000101110011100000110
000000000001101101001010100100001	0000011000000110100000110
001001010100110111110110101000001	0010101010100011100000110
010011010110101000101110000100100	0100110110101010010110110
101011110001010010001010100010111	1010000111100101100100111
111000010111100111011100100011001	1110101000101110100000100
100111101101000001100000110101101	1001100111010100100000110
010111001011010111100111011111000	0101001110011101001010101
011110011001100110101100011111100	0111001100110110001110011
010011010001010110100110101101000	0100001110100101011100101
110010101110001010101110001001101	1100110101011000100000110
100001000101111011011100000110110	1000110010000111011101101
100001111100010011011111000100110	1000100011110001010111100
010101111011001010101010011110110	0101010011111100001111010
100110111111100001111110010111001	1001100101111110100000000
111110100000111100011100010001100	1111011101000011011101110
110010010101111001001111000000101	1100110100100111100000110
010100011010101010110111000100100	0101010000111010010110011
110000010001100010001010011000011	1100000000100110110001111
000110000100011101000001011111010	0001111100000001011000110
100110001000111100100100011100101	1001011100010011100000110
100101010100011011011101101101110	1001110010100001010101100
111001000000001011000010101010001	1110010010000000100000010
011010010001101110001001010111100	0110011100100110010100111
100000011111010010110100000111000	1000100000111101000011101
101000010111010000100011110010100	1010100000101101000110010
011101000011101000100100011110110	0111010010001110010100111
000000001000001100110001101110111	0000011000010000110110010
010001110011111101100001001011101	0100011011101111100000000
000000010000100111110111000101001	0000001000100010100000110
010101010001100111000101010011010	0101001010100110010111100
100001000101010010011100010100101	1000100010000101100000110
111000001101011110100111101110100	1110111000010101011110011
100110010001010101000000011010110	1001001100100101011101100
000111100001001100001001011111000	0001011111000100010111100
111101001000111010110000111101010	1111010010010011011010011
100100011010001100101100010101001	1001011000111000100000110
000010011001100010101000010001111	0000000101110110100101110
101001000010011011100111101001010	1010010010001001000101000
111011110010001111101000100101000	1110011111101000000100000
100010001000110001100001111010011	1000000100010011111101011
001001010000001101110110110100000	0010011010100000010010011
111110101000111000101100011110001	1111010101010011100000110
101100011011011011101100011011001	1011010000111101100000100
011110111010001001010110100011111	0111010101111000101011000
101100100001111111010000101100000	1011011001000111000011101
111001011100101110110000010100011	1110111010110010111110110
010010010111101010111101001101011	0100110100101110110100100
000010101101000101111001000011000	0000101101010100001100111
101101000010100000000100111001000	1011000010001010000100110
001000110100001100101010010101011	0010111001100000100101110
011001101011110101011101011011001	0110001011011111100000110
011110010100011010100011001111000	0111110100100001010111001
101110011000110110111011010111001	1011001100110011100000000
110011111011111010101010100000101	1101010111111111100000110
111101100111010010001100001010010	1111100011001101001100111
011110001001101101010001101001011	0111011100010110111110111
000000101001000001000110111001011	0000000001010100101110110
101010010101001000011101011100101	1010110100100100100000110
101111110000100000001010110111010	1011000111100010000011001
001111111011100100000000100111110	0011001111111110000101101
010011110110010000011100100011110	0100100111101001011111001
010110001101101101010101100000100	0101111100010110010111010
000111101110011101011010001111100	0001111111011001010111111
011001101111111100101001111110111	0110111011011111101010110
100111110110110111100100011111010	1001101111101011000010101
100111011110011011011010001000010	1001110111111001110101101
000110101100000110010101110001110	0001101101010000000111000
111101010010000000101100010010010	1111000010001000110111001
010001001000000111111001101110110	0100001010010000010110110
001111011101010001101101010110001	0011100110110101100000010
100101111000101001001100000000110	1001010011110010101010001
010000011010110001111011001010101	0100000000111011100000110
100000011010011011000110111111101	1000010000111001100000010
011010001101101100010000110000010	0110111100010110011100010
100101101010101001011000011100000	1001010011011010011000110
010011100110110100110111111010001	0100101111001011100000010
111111000000101111001001001100100	1111011110000010011011100
000101011000110001101100100111101	0001000010110011100000000
000011100100001010100000110011001	0000110111000000100000100
011010100110000100001100010100111	0110101101001000101001111
111001000010110010100011111100110	1110000010001011000110100
111001001000011100010001000001010	1110011010010001010111110
010000111110101101100100110100101	0100111001111010100000110
011000111110000110100101010101000	0110101001111000010110110
011100101101010000010111111101101	0111100001010101100000110
011110001101001101000101011101110	0111111100010100000100101
110011001101010011110110101010100	1100100110010101000100110
011111101111110110110011010100100	0111101111011111011010100
110101010000001100010010110001000	1101011010100000011011010
110000101011010010001110100010001	1100000001011101100000010
111111010110000111001100000110100	1111101110101000000001001
011000101010000000001100001100101	0110000001011000100000110
001010101011110111000101100011110	0010001101011111011101010
101010010010011101000000010011100	1010011100101001000110111
010011011110001110010110011100111	0100111110111000101101110
111011001010111011000011110010010	1110010110011011011011000
000111100011111000000101001001101	0001010111001111100000100
011111111010110111110101001101011	0111001111111011111110100
000001000111010111000110100001001	0000101010001101100000100
101010000110100100001001110000100	1010101100001010000101010
011111110000010110100001010101010	0111000111100001101110000
000101010011010101100011000101000	0001001010101101001001010
001101101000110000011110111111100	0011000011010011001000101
000100011100000110011100000010110	0001101000110000000100101
010111011100010101101100010111100	0101101110110001010111010
110100000100101001001001110001010	1101110000000010000001000
000000100010110111101000110001110	0000001001001011010000011
010111001010011100011110000101110	0101011110011001001101101
100100001100000001110011110101101	1001100000010000100000100
101111101110101100010111001110101	1011111111011010100000010
100001100000111011110010100000111	1000010011000011100001111
000110101100011101010010111011100	0001111101010001011001001
000111101111110101110010111110000	0001101111011111011000100
110000111010010111110101000011111	1100001001111001101010010
001111000010110000000000110001111	0011000110001011101101110
010001111010110011110011001001100	0100000011111011010111110
010111001011001010111100010001001	0101010110011100100000110
110001100001011110011101110100011	1100011011000101100011110
010010100100011010110110100100110	0100110101000001011010001
100100010111111110111000011010011	1001111000101111101101011
000100101001000111011000000110101	0001001001010100100000110
111100000101000101000000000100100	1111101000000100001111100
000011011000111111010100001000000	0000011110110011001110000
000010011001101011100000100011100	0000010100110110001110111
011110001100100101000011000100100	0111101100010010010001110
000110111001011010101001111101110	0001010101110101010110110
111000101010101000010110101010101	1110010001011010100000010
100010100110010000101000001001110	1000100101001001010111001
110110001001000011101101010110111	1101000100010100110110111
100110101011011011110001111001100	1001010101011101000100100
101110001010111001010010000000000	1011010100011011001001101
010100111100101100100100010010100	0101111001110010001110101
001110000110000000111000100000111	0011100100001000100000111
110010111110001110100001011111110	1100111101111000010110001
111001010100010010010100100010000	1110100010100001000100010
010110010111101010010011000110100	0101110100101110001100100
011101100110010111011100000001001	0111101011001001100000110
011001111000000100011101000010010	0110001011110000000011011
001111110111111101111110010000101	0011111111101111100000110
100010100001110110000010101100010	1000001101000111101110011
111011001000100111000100001101010	1110001110010010010101000
011000111000010011011100110111010	0110000001110001000101110
110011110111100000010111101100010	1100100111101110011000110
100010100101010110101111100001110	1000101101000101000110010
011101101111010010100111111100110	0111100011011101010011001
101001010011110000100011011011001	1010000010101111100000000
000000100110010011110000111110100	0000100001001001001111000
100110011100100111100001101110111	1001101100110010111001011
111010101010001100000110110111101	1110011101011000100000110
011011100010011010000110101100000	0110010111001001000110000
011001110101110101011001111000001	0110101011100111100000110
100000010110000110111010110110011	1000101000101000100100110
100000110111110100101010010110010	1000101001101111001001011
000100011100101111110101110100101	0001111000110010100000110
111111101111110101101101101000111	1111101111011111100001111
010100001100111111010100101101001	0101111000010011100000110
000111110111101001011000010010100	0001110111101110000110000
010010100010111111110010110001110	0100011101001011010101001
011101010100010111000010100110100	0111101010100001010100000
001001000101011001000100101010010	0010110010000101000110110
110111110001110001010000001110100	1101000111100111010110000
001110100011100101011011111111111	0011001101001110110100100
100101001000000001100001100101010	1001000010010000000110000
111110111001000111111010000000010	1111001101110100100001000
110100110110000001101110010100000	1101100001101000010011010
011100111000101010010010100101111	0111010001110010111010111
110001101011111001000111100001110	1100010011011111000110111
011100000111010100100000000001111	0111101000001101110010110
100110011100010011010101100100000	1001100100110001001000101
010001010010100001011110000100101	0100000010101010100000110
101110010101111000111101100011000	1011110100100111001010000
001011010011001001001010010000111	0010010110101100110010111
100111000010011011000011100001000	1001010110001001011000101
011001100110101111101100010111101	0110111011001010100000100
110010001101110111000100001011100	1100101100010111000001011
101001110110111010111001001010111	1010110011101011111010011
010000101011110110110110100101111	0100001001011111100111111
010111101111000101111010000101011	0101101111011100100111111
010101101110111100111101101100100	0101111011011011011011101
100010001000101110111111110100000	1000011100010010001000111
011101110101000001011101000000111	0111100011100100111011110
010100101100001011000100001100111	0101110001010000100100111
010100011101011000011100100100001	0101110000110101100000110
001111000100100101001000001110001	0011101110000010100000110
011100001001011110110111000100111	0111011000010101101110111
010011011000100011000110010100001	0100000110110010100000110
010001101000010111001110110101001	0100001011010001100000100
001011001100001110011010011111011	0010111110010000110001001
100010101101101111010010101101111	1000111101010110110011100
000000001110010000100101111111111	0000100000011001101111010
100101101010000101100100100101011	1001001011011000100110101
011110010110001000101110110010010	0111110100101000001110000
010010111011110111010011101001001	0100001101111111100000100
010100001111010011001101110101100	0101100000011101011000101
001100100001001000101101111110010	0011010001000100011110011
110111110010110010100000011110110	1101000111101011010100001
111111000100101011010010100100001	1111110110000010100000110
111010001011001111101011111101001	1110011100011100100000110
101111011010101010101000111010101	1011011110111010100000110
110000101001011101011010011001100	1100011001010101010001001
100101100011100100011101101100100	1001001011001110001000111
100111001000110001111111110100011	1001000110010011110110110
011000001000011010110010101110100	0110010000010001000011100
011111111101000110001110011101001	0111101111110100100000110
100100111000001011011000110101111	1001010001110000101101101
011101000001111110110010110101111	0111011010000111100000111
001000011010110011111111000010011	0010000000111011110001110
100110011100100000100110000111111	1001100100110010100100000
001100011010000001110010000011011	0011000000111000101100101
011000100100001001101010001011101	0110110001000000100000000
000101000010110001011110110011110	0001000010001011011110101
011001110110110011001101110100000	0110100011101011011000011
010100010111100011010100111010100	0101100000101110001011011
100110010011010100010101001100110	1001001100101101011101111
011001110100001011010100011011111	0110110011100000110110110
010110101100001110110100101001010	0101111101010000000101110
001111111010000011110011001111110	0011000111111000011000110
000011001100010111000010000100010	0000111110010001111100101
100111110001101111100011110011010	1001011111100110000010110
001100110001101100000001111111010	0011011001100110000100111
100010011001001010101100110011001	1000010100110100100000000
000001101111011101000010111001110	0000111011011101000001101
100001001001010100000001000011010	1000001010010101000101110
001011111010001101100101111010101	0010011111111000100000110
100110110011011000001100100000000	1001010101101101011111010
000110111010101000101101100001011	0001010101111010100100111
001100001101110110100000111000111	0011100000010111100011111
000010111101100010010010010111101	0000100101110110100000100
011111111000101000000010011000011	0111010111110010111100111
000100110000011011001010101001011	0001010001100001101101100
111100001111001000011010111111001	1111110000011100100000110
110111110110110110011111100001010	1101101111101011001011000
011001111000101111101010100001010	0110011011110010011010010
110100001000111110100100010110101	1101011000010011100000110
100011100011110001111101110111000	1000000111001111010101111
001001100000010010100000111111001	0010000011000001100000110
100000111111110011101100000010110	1000100001111111001111011
100011000110011110001101010011101	1000111110001001100000000
110001011001010000110111001001100	1100000010110101011001101
110111111101101011001011110101001	1101110111110110100000110
100100101010010110100111000111011	1001001001011001111001110
111101000001111111111101010100010	1111011010000111000000000
011010111111010001111110111101110	0110100101111101001111001
011111011101110001110011101111011	0111100110110111101111011
100001011000011101110011100010110	1000011010110001000100010
101101101010001110000010010000000	1011011011011000000010011
101000110010000110011000111101011	1010001001101000110100100
000001111001011010110011110101100	0000010011110101011010010
001001001110001010001000101010101	0010110010011000100000110
111000101101010100111111100100111	1110101001010101111011111
110110001010100110101011010001001	1101001100011010100000100
011111110100110000010001111101101	0111100111100011100000110
111000011110111001111010000111001	1110110000111011100000100
010011110110000000101000101110011	0100100111101000101010011
011001001001001011010100000010110	0110010010010100011001000
111000100000011101010000000110111	1110011001000001100001010
111001100101011011111100011100010	1110110011000101000011011
100110010001110010111110111110100	1001000100100111010110101
111001000101010110001110111100111	1110111010000101110011110
110001010101001010100101010011001	1100110010100100100000000
011000101101100001000101000111001	0110100001010110100000110
100001001100010100010101001110100	1000101010010001011100110
011110000110101101111110100010101	0111111100001010100000110
001000011101111101010000011001100	0010111000110111001011101
101100011110011000101110111100111	1011110000111001111100110
100001011010100000011111100101010	1000000010111010010101000
010001010110010001101010011111010	0100100010101001010100001
010010110000011111110100101101110	0100011101100001001101101
101101101010011001011010110100000	1011010011011001000111011
100000000001100100101010001010011	1000001000000110100110010
101000111101100110110111000001111	1010101001110110110101100
110001100111011100111100000101011	1100111011001101110100110
011010110111101000011010000111011	0110110101101110111111011
101111011000110100000100001101110	1011001110110011001111111
100100010100011101000101100000010	1001111000100001001010010
000110000010111111100001010100100	0001011100001011000110101
010000001111001000101100101010100	0100110000011100010010000
111000000100001001001101101110000	1110110000000000000011011
110100110100100100100000111010001	1101101001100010100000110
111000010110110111011001011010111	1110101000101011100110111
100101000000110100110111010101001	1001001010000011100000100
100101111011101111010011111011011	1001011011111110101101100
010010010010100111011011111111111	0100001100101010100110010
111100111111101011011111100101000	1111110001111110000110111
100010101010010101000111110100111	1000001101011001110100111
001011000100111011001101011011000	0010110110000011000101011
101111000110001001100010101010111	1011110110001000110100110
011111100001000010011001111001101	0111000111000100100000110
010000111000001110011001011110011	0100011001110000101101011
000111100111110100010011000110010	0001101111001111001011110
100011011101111101110000101000001	1000111110110111100000110
100000010011100000101111011000001	1000000000101110100000110
011101001010000011010010111101001	0111000010011000100000100
110000000011010101110111100101000	1100001000001101011001110
101110111110000100110100000111101	1011101101111000100000010
110000110010100110011111101101101	1100001001101010100000100
010011110010110010011111011100010	0100000111101011001100001
110001111111010001001101100101001	1100100011111101100000100
000110100100110001011001010000101	0001100101000011100000110
010100001000001010001000101011011	0101010000010000101110101
011100110110011101111010001010010	0111111011101001110110101
001110111001100100111110100000011	0011001101110110111011111
000000101101000000110000110101100	0000100001010100010101001
000100001000100111001010101011100	0001001000010010001100001
110111101001000110011011111110101	1101001111010100100000110
001000111100100111110100111100100	0010101001110010001011011
001111111010011111100000000111001	0011011111111001100000010
001010100000000010000011011010101	0010000101000000100000110
001101110110010011001000000001001	0011100011101001100000110
111001010111000000111010001100001	1110100010101100100000110
010001111000101101100101010010010	0100011011110010011110111
010110111101001011000011010000101	0101110101110100100000110
001000010101010100011100011010000	0010101000100101010101111
110011011110100111010010101011101	1100101110111010100000110
000101100101001000111011010101111	0001110011000100110101111
011000111100100010110011110011100	0110100001110010000101101
011101010100010100100011011110000	0111101010100001010010001
001110110100011011000000100001100	0011110101100001011100001
100001110000001000100000010100110	1000010011100000010011100
101011010000010111101011110011010	1010001110100001010000010
011101101111011001100010111110111	0111110011011101100111110
111001000001000011100111111111101	1110000010000100100000000
111101001110011000010000010100100	1111110010011001000100001
010001100111101011001111111000011	0100110011001110110101111
011000010101111111001000000110100	0110111000100111010010010
110100101001000010101001011001000	1101000001010100000011111
001110110110100101000100110001001	0011101101101010100000110
100110110101111111101000111010011	1001111101100111100100010
110000000010011101000100000111010	1100011000001001101010110
110101111110100001101010010011110	1101100011111010010101110
111011101110011011000010110000110	1110110111011001011100100
010100101100011001100001101011110	0101110001010001001001011
011101001101011101100000000101001	0111111010010101100000100
001111001001001011101001000011001	0011010110010100100000110
110001011100101101100101010100100	1100111010110010001100100
011000111101001001000101110100101	0110110001110100100000110
001001010011101001010111111101010	0010010010101110000110011
001011000011011011111011000001110	0010010110001101011010011
010101101101010100010011001011111	0101101011010101110010011
011110010101011000000100110001011	0111110100100101111111110
100111111110001011101100010010101	1001110111111000100000110
110100111110011010101010001001000	1101110001111001011001000
110001111010001111110101011000111	1100011011111000101011110
110001100011001111011110110010011	1100011011001100100010111
111011111101100001100001011001001	1110100111110110100000100
010000011101101010001101001001001	0100110000110110100000100
100110111001000000011111101110100	1001000101110100010100010
100101011001000110001101000000001	1001001010110100100000110
110100000011010111001000100111101	1101001000001101100000000
101101010111000110000000000111101	1011101010101100100000100
100000001011100100000100110000100	1000001000011110010111001
101101001010010100101001011111111	1011001010011001100000100
111001000010000000100111000111100	1110000010001000001010101
010100001100101010111111010100001	0101110000010010100000110
010000110001001010111111110011000	0100010001100100010100011
011100011001010001100100011000100	0111000000110101010111101
100000000111011010011101011110110	1000110000001101001110001
011101011111011111011000010111011	0111111010111101111101010
110101001011010001110100110101111	1101000010011101110001110
000111111111110000001100110111001	0001100111111111100000010
100000010001001000011001101100101	1000010000100100100000110
110110101110000011100011100000111	1101100101011000111010111
101001101110101111011110000000110	1010111011011010010100111
010101110110011001101010001101001	0101110011101001100000100
101111111100100000001101110110000	1011100111110010000101000
011010001011011000101010001011101	0110010100011101100000010
110101111110110001011100110101100	1101100011111011010010100
011101000101100100111010011110010	0111101010000110011011111
000110010001101010100100011110101	0001010100100110100000110
101111010111100010000010110011000	1011100110101110011111110
100110011010111000010101110000100	1001010100111011001000101
011101010111100010010011001010111	0111100010101110101111111
110111101111000010000010110100011	1101100111011100100010111
011111011010001110000110010110011	0111011110111000110101011
011000000110001000111100110011000	0110110000001000010111101
010111100010100111110010001000000	0101001111001010001101001
001011111110011010000011100101001	0010110111111001100000110
000110011000011000011101000100111	0001010100110001111101110
000100010000010111110101100111101	0001001000100001100000010
100001010011011011010010010011010	1000010010100101101100000
000111011011001001001100100111000	0001010110111100011000111
110101010100111101001100111011001	1101111010100011100000000
000101011110011001111010100011010	0001110010111001011011000
001010101100111101010100110101000	0010111101010011011010010
101111100001010111011101111001110	1011001111000101001110100
010011111010111010011111100000011	0100010111111011111110110
110111101011100011100100101010010	1101000111011110011100110
111010100001110101001000011000110	1110001101000111011100010
010011000001110010000000101101101	0100000110000111100000110
101111000111100110100100101001000	1011101110001110011100001
010011100010111101110001111111101	0100011111001011100000010
100000010001001010000110101110011	1000010000100100111010011
110111100111011010001011111101011	1101110111001101100100110
111111111100110010001011101101100	1111100111110011011100110
000010011111000000001110011111110	0000100100111100010010110
101110011001010101011011011011000	1011001100110101000111010
000000110011000111001010001101011	0000001001101100111100110
101110101000111011101010110000110	1011010101010011000111010
100100001011011010110101000110011	1001010000011101100001010
010111110100000100101001100000001	0101101111100000100000110
000101101001000011010101110111011	0001000011010100100101111
001010110100010001010111000000010	0010100101100001010110111
011001101000111000011011100000110	0110010011010011011011110
010111110001000000101010110101010	0101000111100100011100100
111010000011001011110010101000000	1110010100001100010101100
010111000110101011111110100100101	0101110110001010100000110
011010101110110101011111111000000	0110101101011011000001110
010100110001100000111111011110110	0101000001100110011010111
100101000100100010001101100010100	1001100010000010011001010
001001111110100100010000011110100	0010101011111010011001100
001011010010010111100000100011010	0010101110101001110010111
000011010111000001000001011000101	0000100110101100100000110
001101001001001001001000111110011	0011010010010100110000011
101011001111100101000000010100100	1010101110011110011100110
110000000011100000001000110111101	1100000000001110100000110
011101000001001001011110110001000	0111010010000100000100111
101111000111011100110000011011110	1011111110001101001110010
001111001011010011111100010101011	0011000110011101111011110
001011010110110111010010011110100	0010101110101011000001101
011001111101001000001100011000010	0110110011100100110001001
000111001001001011011011000010011	0001010110010100111110010
100100011110101100000101111011001	1001111000111010100000110
100110100110000011110110000010001	1001100101001000100000010
111101011000101100000100111011101	1111011010110010100000010
011011010110111000011110111101011	0110110110101011111011100
110001100111010010011011011110011	1100100011001101110111110
000000011001100011010011111111001	0000000000110110100000110
110110010011000010111100111110100	1101000100101100000001011
110010111110000011101100101011001	1100100101111000100000000
111001000000000100000101010000110	1110001010000000111001101
100010011000010011010011110100110	1000000100110001000011010
000010100000011001100110001110110	0000010101000001011000111
111000010100011010100000111110001	1110110000100001100000010
110011001111111100101000011101101	1100111110011111100000100
011100100101111001100111100110001	0111110001000111100000010
100001110100000110011111010000111	1000101011100000101011111
000011010110001111110011010001001	0000111110101000100000100
100001110101111001001010100010111	1000110011100111100110111
000100000001001110110110101010001	0001011000000100100000110
100000010100111100010111100010000	1000111000100011011011101
110010000100010111111011010100110	1100101100000001001000000
111101001111011010101111010111101	1111110010011101100000010
101110011011000101111110111001010	1011001100111100101000011
111000001111101110101001100011010	1110111000011110001100001
100011011110010011001100001010001	1000100110111001100000110
111101001000101100100011100001011	1111011010010010101010101
100111100010100001011100011101000	1001000111001010001111010
011011110010110000101010111101001	0110000111101011100000110
010111110101110010011100001011000	0101100111100111001001111
111101100001101110101001101110001	1111011011000110100000110
001100010100110011100111110010011	0011100000100011101010110
011100010111010000001101110001110	0111100000101101000001111
101111101100101010011010101011011	1011110111010010110101101
101101100111011010011011100100100	1011110011001101000111001
011110100110101110010110101110111	0111111101001010100111111
010101101100110110101001000000010	0101101011010011000001101
011101101011111100010100001001110	0111011011011111000000001
101000111001011111011010100000011	1010011001110101110100111
101001101100100000000000010000001	1010100011010010100000110
111010111001110101110000010010010	1110001101110111001111100
111000010100101010100011000101100	1110110000100010000110100
000010100000100101011110001011101	0000001101000010100000110
100111110010101010011111001000010	1001010111101010000010101
111000101110010101000010010100110	1110101001011001011001101
101111000001101000011011001110101	1011010110000110100000010
001000110000111000101110010010001	0010010001100011100000010
100111111111011001100001011100000	1001110111111101011011110
110001110100000110011001100011001	1100101011100000100000000
111111111000001010001111001101100	1111010111110000010101111
101010110010101100100000110011111	1010011101101010110111101
100110011010010011100011001000100	1001000100111001010101101
011011110011011101001000100110101	0110011111101101100000110
000011011101100111110011100011010	0000101110110110000011000
000000010011001111111110010000000	0000011000101100001100011
010010100001101110001100111100000	0100011101000110000001011
100100100101110101000010000010000	1001101001000111011100000
000101000111011101010100111100111	0001111010001101111000110
010000110000001000110000011000101	0100010001100000100000110
110010001110110101011010010110111	1100101100011011101011010
000000110110000100011111010010101	0000101001101000100000110
000101100100111001110101011110111	0001110011000011111011111
000111101011011010010101000010011	0001010111011101101110010
110011111111111111011010010000011	1100111111111111101010110
110011000101110110011011011110110	1100101110000111011011101
100101111101001100101110100100011	1001111011110100110011111
100100101010101101110011111110101	1001011001011010100000110
011111100111011000000111011110100	0111110111001101001110101
100101100000000110010110110110111	1001001011000000111111010
101001101100110001110000110100001	1010100011010011100000110
111111000100110011100110010010100	1111100110000011010000100
010110111100101001100110011101001	0101110101110010100000110
111101011111111110100101110001111	1111111010111111101100110
001011011100010101000011010101100	0010101110110001010100110
001001101110011001011011011010001	0010110011011001100000010
010100001001100101011110011001001	0101001000010110100000110
001000101110100001100000000001011	0010100001011010100000100
110001001010110100100101100110001	1100001010011011100000110
111000000101000010110011011011001	1110100000000100100000100
000011001010000010011111001110011	0000000110011000111111111
100000111111001100111101011000000	1000111001111100001100011
100001100111101101111001100100111	1000111011001110101100111
010011011110011110111101101011010	0100111110111001011000110
000101010100001101111010101011100	0001111010100000010010000
110100011101010000011010100111010	1101100000110101010011111
011100011011011010000001110100100	0111010000111101001001101
110011101111000111000001011100110	1100101111011100000110000
101010000100011100011110010111100	1010111100000001011010011
001110111101100100100100010111011	0011101101110110100000100
100110011101001010011100011010101	1001110100110100100000110
101110011001011000101100101100010	1011010100110101101101010
001011110010110001001011100110000	0010000111101011000011001
100111001101101011001011111011000	1001110110010110000100101
101010001100110111101101100110001	1010101100010011100000010
111011001101001101101101100010010	1110111110010100000111001
011110010101101010000010010000110	0111110100100110011011010
100001011111111000101110001111011	1000110010111111101110001
010010000101101011010010100101101	0100110100000110100000100
001111111110000110010000010011110	0011101111111000011101111
011000010010110001010111100001010	0110000000101011010001000
110111000010111100101011101101000	1101011110001011000010001
010110011011111110000111101011111	0101011100111111110011000
111011001111011000100001000110110	1110110110011101000011011
101111101111000101100010000110110	1011101111011100011111100
110111101011110000000001001101011	1101000111011111111101111
001000111001011101001010100001000	0010011001110101011000000
001111010101010110101010100101101	0011101110100101100000100
000100011110100110111001010011111	0001101000111010111001110
101111001011110110010100001110011	1011001110011111110111111
101100011010011100001111000111101	1011011000111001100000100
100011100110101011111011110100110	1000110111001010011100110
001011110010001001111011110100011	0010010111101000101001111
011011111101111110000001001101000	0110111111110111000100100
111111101000100001011011000100110	1111000111010010011101011
011111010101100000101110011111001	0111100110100110100000100
001010010000101100110001010010000	0010011100100010010010000
000111001010010010010111111101100	0001000110011001000010001
110001110011011011011110010011010	1101010011101101111001111
110111111011111011110000000100111	1101010111111111110101110
010101011010001111111000110010011	0101011010111000111011110
000101110111111111100001110110111	0001111011101111110110010
110010001101111111011111011110010	1100111100010111001010001
101010100001001011010010010011111	1010010101000100110011001
010011001111111101011101000010011	0100111110011111110101010
100100010100111001100011010101110	1001110000100011010100010
110101110000010010011110110111001	1101000011100001100000100
110010111001011100100000101010000	1100011101110101000110000
110001000110110110000011111101111	1100101010001011111000110
000110111001001100110011010011111	0001011101110100110110001
110010001010000011011101001100101	1100000100011000100000110
110000001000001100100100000111000	1100011000010000011010101
110110110010000100000010000100000	1101001101101000011111111
101101111001011101001011010011101	1011011011110101100000110
111010101100011111110011111110100	1110111101010001011000000
010100100000010000111101011111011	0101000001000001111001001
001101001010100101110100001000001	0011001010011010100000110
010000001010010111011101100001101	0100001000011001100000110
101101011111011010010100001010011	1011110010111101100100110
101101101101100010000100110000110	0011100011010110100101110
100000100011101011000100000010001	1000010001001110100000010
000000000100110100100011000010000	0000101000000011000000111
111110111100101110001111010010000	1111111101110010001000001
100011010001000111000011010100010	1000001110100100011111111
001000001111010111101001100100110	0010101000011101010010010
100010010010110010111101011110010	1000000100101011001010000
100101111011101011100101011001100	1001010011111110011000001
101010100011101000101111001111011	1010010101001110110110111
010010000100011011001011101000011	0100110100000001100000111
011111001111011010101010100011001	0111110110011101100000000
100101001100100001100001010000011	1001100010010010110100110
101101100101011101011001110011011	1011111011000101100111011
000000110111111110111111000101100	0000111001101111000110101
010001111111111101101100011110001	0100111011111111100000110
001101101011010110010110001110001	0011001011011101100000010
100010101101110010100000011101001	1000100101010111100000110
111110000100000101001000011100101	1111101100000000100000110
010101100101110101000011011011111	0101101011000111101110010
111110111001000000111100000010111	1111000101110100101011010
110010101001001111100100010000010	1100011101010100110001111
011010000011110001011010100100101	0110000100001111100000110
001111101111001111001101000000010	0011111111011100000111010
011101000100011001010000111011010	0111110010000001000001101
101101101101111010010011011100010	1011110011010111000111011
101001100011000011101101100000111	1010000011001100100111111
011000101111111000011010110110001	0110110001011111100000010
100011010000100101000100101111111	1000001110100010111100011
101001000100111000111100111000001	1010110010000011100000110
101110111111000011000011110100011	1011100101111100100000110
010110110101110100100110011000100	0101101101100111010100000
000001101100111101011111101110101	0000111011010011100000110
011011011010001110110110110001101	0110011110111000100000110
110111010000111100101011001110000	1101011110100011011000110
110101010111010001110001001101110	1101100010101101001001011
110010110010011001010111101000111	1100010101101001101000111
000110110100101101011001101011000	0001111101100010001011110
000100011100000110001100101101100	0001101000110000000100101
101111010010001110011111111001110	1011011110101000011101100
100111110011100011011000101010011	1001000111101110101111111
101111010001101001111000011001000	1011010110100110000010100
101111000110011100001000110010000	1011111110001001010100001
110100001110001011100101111001111	1101110000011000100001110
001011011001100101110001100001110	0010001110110110000001111
010111010010011010101110001100101	0101010110101001100000110
101001010000001100101001001000110	1010011010100000010101110
111111011100010001001111110100011	1111100110110001110100110
000110011011011010011111100110000	0001010100111101000010000
001011001101111100011101000001101	0010111110010111100000100
