11011010111000001110001110000011	10111101010010101000100110100000
10110100010110110001010100010111	00010001101011111110001001100011
01101111010111100010000010110011	00011011100101110001111001000101
00001111101101000111000011001011	00000100110010101111101110100100
00110010111111100110100000111001	00010001000000101011100110110001
01001000111011011001001001100100	01000100000001110000011011011000
11100010111110000101011101110111	01100111000110010000110010111000
10011100100110000011100100000001	00111101011110111101010100110000
01101101110111100111011010001011	00101100011111010010110010100101
11110101100000011001100011100101	11101000110010111010010100101001
00011010110010101101000100010101	00010011000000001111101101101100
11000000010010111000110101011111	11001000010001000001010110110011
11010010010110010100010010001000	01101111000111101100101001010000
11011000101001010110011111001010	01000010111010000011100001101100
00000010100100001111001011010011	00000011010110010001101011100000
11110001010101110010001111010110	00111110010110101011110101000101
00001011110110010110110101101110	00000111101001010000001000010001
00011110111101011110010111110000	00010010111111100101110101010000
01110110010101100111001100111111	00100001001101111001100010010101
11001010000111011011000011101011	11101100100010001110101101011010
11001001010100010111111101001111	01011011110011100001000111000010
01101010111101011110110001101111	01011110111100100100010100010110
00100110011000010100010101111101	00010010110000101100100000100101
01110010011100001011000101111101	01101111001000111010010101010000
10010101001101010101101101110110	01010111101001011100001101010001
10111111000101000010011100000101	00101010100001010100001110011000
00000100101011110001011101101111	00000000101001110101011000110111
00000110100001101100111010111111	00000100011110011110011000000101
11110000010100011110011011000000	10010000100111011010101110000000
11011101100111110011100011010000	00101110100110100110101101010000
10100011101110101010011110011100	10011100011111010010110010101000
01011001001110011101010111101111	01111011000011001000000111101010
00100101010101101110011111110101	00111111101010100110001010010001
10100110110011000111000011010000	01100001011001000001110001000000
10010011011100110010110110110100	00101010010111010101011100100100
01111000000101000010110011011011	00011000000010111001101001000100
00101001101111001111011110110101	00110100100000010110101110010100
10101100111011110001110000010111	00011001110110000111110000000111
00110101110011001011000101100101	00111101101111111011100110000100
10001011101100110100110110110110	01001010000110001000110000011001
00100100011111111100001100100000	00110110101001000101110100100000
10011110010110011011111110000111	10101001010000001011101000010010
10101111100111101010101011010101	10011010101001001111100110001001
01001011011000111001101010111110	01000000100101011001101010000101
11110100110111111101000100001011	10100001010010010111100100110011
01100010011011011111101111101111	01011111000010100011111000001110
00000001001111010101000010010110	00000000101110111110101010110001
10010010011111110010111001011100	00101000110000111111000001011100
10000010101000011000000100000110	10000011101000011101110001001100
01001000001110000101001000000100	00101100101110100101000111000000
00111101011111011101101101101100	00101011010010110111101100010100
01000010011000011010001101000100	01010011001010000011110001001000
01110000110101000101001011110111	00110000001000010111110000010100
01011100101011001100100101001100	01110010001001111100000101010000
10000110000101000001110001010110	00011100111111110000001100001000
11100101000000111010011100101010	11000110100001001100011111111100
01001111100100010000010101101101	00000010110000100001011001000101
10111101001001101110001010001101	11010110101110010100001110100001
00001001010001001011111110000011	00001010000111010000110001011000
01100111101011111101110101110010	01000000110011011111100111010001
11001001100101011110100011110111	10101100100111101111101001111010
10100011010011110000110010000010	00001111100100011000101110111100
11011001100101110001100001110111	00010001000000000010001010011011
11101110001000100111111010001110	01001001100111000101101001111000
11111011101011000101110011101011	01100001101111100101001010110100
10000111010010111110101000011111	11101110010001011000100100110011
11000110000101111001110111010001	11010001000011011010101101111101
11111000001010001010000000001001	11011001001010111000101011010000
00000110111001011010101001111101	00000111010010110000111000111101
11010011010101101101111000111100	10010001110001110101110010011000
11001100101111100011101000010111	00101010011011001100010110001101
11110011001111000000100011101000	00001111101001100101111010100000
01001001100011100001001101110011	00001000011011000011110111011001
01110100000001001100100111100001	01010110001111010101000010001000
11110100011001110101110101011001	01100100001000011111100011010010
11100000111111110111111010110110	01001110000000011100100010110101
11010001110100101000101111111100	11011110100001110010101101001000
10110001110001110100011100101011	01011110011001011001110010111110
01111111111101110011100010101001	00010011101010001001001111010010
00101001011110100010100101000010	00001001101010110001100100011000
11110000100101011001100110101111	11101111001001100000110001000110
10110001011110101011110111100010	10011000100101110111111001011000
11110100001010110101001011000010	01101001010001011010001111101100
11000100001100111010011011000100	11110011010010101001110000111000
01100011001010000100000000111001	00110001100010110001010100110000
00001001011111111110101000011110	00001111010000000101010111101101
10011001101110101100101111011010	11011000000100010100100110000100
10101010100011101010101100000100	10011101110101110001000101110000
00110101100101011101000111010000	00100110001000010110010111100000
01111110110010110101111011000100	00110000001000001111001010111000
10000100110101000101110110011001	01011111011100000110011110011000
00110101000101010011001100000110	00001000100101110110001111111100
01100010111000010000100010000001	00000110010111010100110000100001
10111101110100001011100111000011	10010111100101000001111100010000
01110101010001011011000010110001	01101011000110000100010110011001
00110000011011001010101001011110	00111111100101011100101110011000
10000100011111010010001011010110	00100011110100100101010111110001
00110001100111100011010100111011	00001000010111111010001100010101
11101000001111111111101010100010	10010001111111011111001000100001
10110110101000111000001001000000	10110101010111110011110110000000
01110001011010101001111111001001	01111000010111011110000001001100
11011001001001001011010100000010	11111101001111101111110010010000
11011100100010101011000111011110	11111110011010000010110011100100
01110111100001101011011111101000	01101010110100001110010010010000
10101010001010110010001101010011	00101000110001011011010000010110
11101010100011110110011011011100	01010101101011001111111111101100
00011111001000101000111010001011	00011110100101110011011000011100
00000010110100110100100100100000	00000001010101110000010111000000
11101000101001001001010011101101	11110101100001101001000101011000
11111111110010110001001110110011	00011100010010110001011001010110
01011011000100011011101111101110	01001100010111101100100000000001
00010100000110111011111000010011	00010001110100110001001010010110
01000001111010001101001001100010	01101000111101100010111001100000
11001010000101000000101101000000	00001110100101101000111000000000
11000011010110000111111101001111	01011110110001110110011010011000
11000000001110010100011110001011	01100101101101000001011111111101
01100101010010010110011011110100	00100100000101110110010011011000
11101001010101110100111011010001	01111100001011100001001111111101
10110000001000011001110010000010	10100111110011010010010110000100
00011100111111111101110100101001	00010111101100110110001000101010
00001010100101100100011010111111	00000101000001100011110000010101
01000011010100100111100011110010	00111101000001010101100011101000
01001011101001000011001001011000	00011010011100010100011111000000
01101101111101100000111011010011	00000101100011000110001100011001
11100110101010100010010000100000	00111110011110011000011010000000
11101101010001101001001001101101	11110100000000100101001001100001
01011100011000000000011110111100	00000011001000101000000110000000
10000100000001001110001111001000	11100101001101101101111001000000
00000111011010011101011110110101	00000101111110111111111001100101
11011000001111000011101101101001	00101100100111101101011011000100
11101001011000011110010111101000	10000001101110101111011000110000
00101011000010100000100101001011	00000010111110101101111001000001
00101000101100011010010110110101	00100111100011101000110111111001
10111111110110011011011111110101	10011100001110100100110011010101
10011001000101111010011101111111	10111011011110111110100111100111
00100111011000000100010111000001	00010010000100001101000111000000
10010111010111101111011001101001	11100000100010111001110000010001
11000110011011110100000111011000	01100010111100011001111001011000
00110100010101110011010111011011	00001001100111110000111100010011
01100001100001110100101010101011	00110111010111010011011111011110
11101000000101100100110100010101	01111111111011101110100100100001
00010111010111010100101000000110	00001010011110110100101001100001
01001010011001010010000110001010	00010010001011011010111100101100
00000100011011001000111101111100	00000100001011010111001010110000
00011000010000110101110001111110	00001110100100111100110111111001
01100000100100100010011010100011	00011010001001000111001000011100
00100010011111101100111100000011	00110001010110110101010011111001
10100100100010000001110000001101	00011000000011001011001111010000
00010000100111111110100100001110	00011101110001100110000110110101
01110001010011011101100000001111	01011111001011111110111011100110
00000000101000001010010010101110	00000000100111011001001001000000
11001100010000110111001110001111	01010000000100100111011011101110
01111101000110011100010001101010	01011111101011010010011011001100
01101011100111111110000011011001	01011011011001101101001011101010
10000010100001001001101111111101	10011000111101011101011100011000
00101110010011100110001011110010	00011101111010001000111011000100
00001101101000000101010011001000	00000111011111110011011000000000
10110011011000100000100010110011	00001011101010010110110100011100
00111101100101011111001010001101	00100000101110101111000110101101
11111010000011110011010101111101	00101011100000000001000011001110
11110010010000000111111100011101	01000110010010001101010110000000
11010011000101111011001101100101	11110001001100000111010111101010
01110110011101011000101000001000	01110011000010000111100011010000
10000110000001001110011011110010	11100000011011110101000001010000
11100010101010111110101110111100	10000101100100001010000111001100
00110010000100000110110000011100	00010000000001100100101110000000
01111111111110010000110010110010	00000101101001101011110000001100
11100001110011001011010001111101	11011101000000101110001001100100
11101000100111001100101000110110	10101110011011000001010000011000
00001001001001110110010000111000	00000110101101011000010010011000
10111011111111110101111010010100	01001010001010100010111010010100
01101101000010111001011100111000	01100101101110111000100111101000
00001001010010000110111010100010	00000110011110101001000010100000
00110001111101110111101001001101	00010110101100101110011101100110
10100001111000000110000001101110	01111000110111101110111011000000
10111010100011001000111111101100	10110001110011101001001101010000
01100111001110010110011001010100	00100101111111000011111110011000
11111111010010000111010010011011	01001011000010011011100000001000
11101110000001101111010101011111	10011010111001000110111001111001
00010001011101010001110101110001	00000011100001110011001010000101
00110011110010111011100101100010	00111000001101011101011001011100
01111000001110101110000001000101	01001011000000011011001001011100
01100000010011000001000011011100	00001100010011110001000111010000
00001001110110111011010111001111	00001010000010000111111100001011
00110111000001001111011010011101	00101010010010110001101111101000
10010100000001101001110110111110	10000101010000011001110011110100
11001010010100100011101110110110	00101010011011001010011111111000
00011011100110101000000111011100	00011011101100000100011100101000
11011110110101111100111000000001	10000010000100101110010001101101
11111101011100011100000000001001	10111100001110001011001000001001
01010011011000011101000111010100	01110101101110001011011101101000
10011010010010110000010111111010	00000101011111100100100101110001
00010110111100001110001010010100	00011011101101111101111001000000
00101100111101111101111010111011	00111111100010110100111101110011
11101100000101111000101101001111	11100111010010011000001000111011
10101010100011111001010010010010	10111001110001111110111100100001
11100101101110000001100001100101	00010101100010001011110011001000
00001011010010010000010010111101	00000000010101111010111000110101
10100101010010000011000101011101	00111100001010000110100110110000
00101110010100001110010101100000	00110101100100011010001000000000
00100001100000111110001111011110	00111001100110110000100110111001
10010001010001110010111101111111	00101001000110111101100110000111
11001011000001101111011111100111	10111111100100110001110111101001
11110110001101101101100010010000	10101101011010101101101111000000
00111100101000001011110001110000	00110010111000010101001000000000
01000100011101111000001111101011	01000101101010000100110100010011
10110001000111100001101001010011	00011110010011010001001011111001
11000001110011111110101111100001	10100000000110010110110010000010
11101000110001111111100101001101	10010010100100001100111001111010
11000001001010101001111101111000	11010110101100011001110001010000
11011100000000100100001011100111	01101100001100111010000001011100
01010011001001101001101010001101	01011100001011010100101110100001
11001111011010001011010110001110	11101100101000110000110001010000
00000111101010001001010100011100	00000111000011101110101100100000
11010110110000001001001010111111	11000001000111011000011011000000
11010001001111001100001010000100	10000110110000111011101111100000
00000011011001111111010100110000	00000010101111010111011011010000
10111110100010111110001011111011	11010101001111111010110101101110
11111111110001011101111000011001	10100001110011000111010110000101
10111110111001001000010110000011	10111001010010000111101110111000
11010011001110000000100001100101	00001101011101101011010101001000
11000110111010011011110101100101	11101000011011111001100101000101
11101110010110111010000001000101	11001010010010011100001001010010
10111011100101100111011111100000	01101110011011101110001011000000
01111111000010010100001100001101	00111110000000010011100000100101
01100101111000000110111001010011	00100001010000010011000001100000
00100001011100011011010100100111	00101100111110111011001011111101
01010000110101100001011100111110	00001000100110111001110000101100
01110100001100101100101000101110	01010111010100011011100101000100
00101000000100010110001110110100	00011110110000110010101000011000
01001010100110111110110101000001	01111001101111110110111101110101
10011110110100000110000011010110	01101011111010111101001100100000
11100101011100010101011100010011	01100101001110110010111111110101
01100110111111100001111110010111	00001011000000101111011000101101
00111000001000110001000101001100	00000111011001011010110101100100
00111110010000000010110000101010	00001100100011001000101100000000
10001011101000011101000100100011	11011110001101010011110101100101
11011001010101000110011100010101	01000010111111111101100000111000
00110100001111000010011000010010	00001100100001111100000010001000
11111000101001000010011011100111	00111000100111101011000110000100
10100101011111010100011100010110	01010101101010101101100001110001
00111100011110010111001011101100	00010010010110001111010001000100
00010100011001000110100001100101	00001110111011001000001100011000
01001010101111001111101111101010	01110110000100100011000010101000
10101000001011010100101010010000	01011101110101100111000101100000
11101011100101010110001101101101	01010010011011000100001010011101
01010110000010010011101111001101	00011000100111000110111010100101
10110100010000100011110111010100	00110000000101000111001011010000
01101101010110001011010001101101	01111111101010000100000011001000
10001000011000001000010101100011	10001101011011110010110100100000
00011011001001111011110010010000	00011110111110000100001000010000
11100010001000001010011110001101	11000001010101110001111101000000
00110100010101110111011000010101	00010111011111101000100001011010
10100100011101000100010010101010	01010111100101100001101011110000
11110111000101100011110000111100	00100000001110010000110100011000
01111100000010100100110101111111	00111000111100101010101111110001
00000101101000010101010100101110	00000010001111001010011100111100
11100010101101100010111100001101	00110101111011110001000111010001
01111110000110011111100111001000	01000010000010000000110111010000
10011100011010100010101001111000	00101101000111110110110001010000
01001011100110101110100000001111	01111011100011110011110000101001
11011101100111000010011111111110	00110001111101001110101100111000
01000011011101110011011101100100	00011011011001110011001000100100
10101110011011101010100001110000	10011001101110000010000101100000
10100001000111000010000101100000	00101001010000100000111010000000
00111010101100000001100001001110	00000101000111000010111110100000
10101010001111100101100001011000	01000101010000101011010100110000
11000011000011001101001000110111	10000100101100000100000010110100
00001111010110000010001100110000	00000011111110111110101010000000
00101111011001001101000101000110	00111110011100010111111101110000
11100100001101001001011011011101	11111111000110010100101000000100
11001110001110110101001010000100	01111100001100010101010100111000
11000011010001010001000100100011	00011001110000111100111100111101
10000011010000001001000001100110	10010011011111110001100010000000
11000110001110000110110111011001	01000110111110000010001010001000
11001101100110000000000001000100	00000000011000111001011011000000
01110011111000000011101001110011	00010000010010010101001001100000
01110101110011001111100010100011	01001000000101001101001111100100
11110011010101100001100000100010	00010110111111110001011000111000
00101010001101110110110101100111	00011101110111101101111100101011
10110100100010000011010110011010	00111100111101000010000001100000
11111111110101000010011110100101	00111000010100010100000100111000
11111010001100101010010001001111	11011101111010110011110000010001
00011101010001001111101110101101	00010010011010100101010100011000
01111101001111010110111100110000	00101001011000100111000110010000
11001110111001000011100110101001	00101000100111111011000011101000
11100011111011010101110110111100	01101001100011111111001000110100
00011100100111000100110100011000	00001111000100001010000110100000
11010110000110010010011111000111	00110010000001010111010111100010
10011000111011110101001011011101	01011100000011010110001100101110
00110000001010101000000000110110	00110000001001101010111011000100
01100001011110111101010010000111	01000001011001001001110111000011
00111000100100101101110100001010	00101110111001000111000011101000
11110010101000001001001101111100	11100000101100101011001010000000
10100010101011001010011111011101	10011101101100001001100011100100
00101101010011001110011111110000	00110110001100100110010011000000
00000000001101101001010100100001	00000000001100101110111111101100
11100001011110011101110010001100	10111000000001100011111001111000
10100110100010101101001101011010	11101000101100000111101100111000
00010101111011001010101010011110	00010011010001110000011001011000
11001010001101010101011011100010	01111010111110100100100000001100
01001001010101000110110111011011	00110011100101001001000100100100
01110101000010111010000100011110	01100110010111111011110001000101
01010000000001000010011111011100	00010111011010110111111011100000
01010011001100100010101010000000	00010010001111111010011000000000
11010110000010011001100010101000	11001110100001110110011111010000
01000111100100101000000110111011	01000111001010101011011111111100
01101000001011001000011111110100	01101010100010111011110110010000
00101100000101101000010100000000	00101101000100011000001000000000
10011100100010111001100011011011	10001001100011000000100011001110
10110101110010000001010010000010	00010000000000000100000010100000
00110111001011010011110110010000	00001010100101001000011101100000
01110010001111010011111011011011	00010011111101111000111010000110
11001000111110100100010010000001	01100001110011001010111111110100
11111001101110110100000011010011	01111100000010110111110111110110
01100011011111110111111100000010	00101110000100100111010100000001
11110010010011001001110010000101	11101001010001110111010111111000
10010100011111100110011100101101	01101011001101000110010010011001
01000001011111110110111010101000	00110111100111111010101010101000
00011000100101100010001010100100	00000110010001100011001011110000
10011101000000010011100011111111	00111100110110100110001000000010
01011011111010100110101101000101	00111100001001101000011111101100
01001001111010000011011000111010	00011001100101100100000100010000
10110010111001001011000000100101	10010111010010101111010010011000
01101101100111001001111000000111	01100000111000010101100101001100
10101100000111101001101010001100	10110110111101111101010011101000
11101100100011000000000000110001	00000000001010000101011101011000
10100011100100110110100010101100	01110111111110001110101110010100
00100100111100010110100100011010	00011000111111000001000110001100
00001010111000010100111010000000	00000101100010011100001100000000
10000000100100000010001111011010	00100011111111000101110011000000
10110100111100101001110111101110	10100001010001001110000010100100
10001101111001101100011011100000	11001110000011111011111101000000
10110011011001100000001010100010	00000010001011110111001111011000
00000001001100101101011001110010	00000001100111110111011011101000
10000000110100110110010101011011	01100101001111100100011010110110
00001100011011110000000000001111	00000000000000001011001101100111
11110111011001001010100010001000	11011001000010001001100101000000
11101001010000011010101111001000	11000101001110111011100001010000
01111010111000001101101111011101	01010110111011111110011010100000
01011000001111100111011110000001	00110100010111100011111101111100
00000000010110001010110001010110	00000000010001101001001101010000
01001011011001000101010011101101	00101110001111100110001111011000
11101101111000001110000011101010	10000000111001101111100101000000
01001011111111101010011010000011	01011011111111011111000100000101
00010110101000110100101010101010	00001010110000110101001110000001
00110001100010110110001011010111	00010010000010110010100100000011
01111111010101000101001011100111	00110110111110011110101101100100
00010011000010101001000110010010	00010000110000100010110011101000
01000100001001111011111101000110	01011001100111100110110000011001
11111111101100111001111110011001	11100000001000111010011111011101
00011101111100001100111011110111	00010101111010111100110101110000
00010100011001101111110100000111	00011011111011001111010110011001
01100101001110001110010101000100	01010010001111010000011111000000
10111110100110111110011011001010	11010010000100001101101101100001
11100110100110101001011101110100	11111101000001111000011000001000
01101101010111000011100000001010	00010111110100101111101001001000
01110001110000110111000001101011	00100011101001101100000111000110
11001100010111001000010000010110	11001001000111000011010111101000
00110100101101010011000011011011	00001000010000110011010000101010
00011110001100011010100110100110	00011011100110001011110111101100
00100001100110001011100100101111	00101111101011101000011000011000
11111000010110001101001001100100	10101000100000100001011111000000
00111001100100101010100110011101	00110011110010010011101010101100
00110101110101110101100010010001	00011110110111110110110001111101
10100110001010100101101111011000	01000000101000010111010010010000
01100000001111001111010110110110	01011000011010011110110110011000
11011111000001001001000011011101	11001011100000010001100000011000
11111000010010000001000111101001	00011110100101111001110101010000
10001100110001101110110100000110	11100000000100101001111010100100
11101000010100010100000101011110	01110101101010001010100001000001
10001001111110111001010100111000	10011101010011101110000010011000
11010011011100101010111100111000	11100010001110011001011100010000
11111110011111110010110110001100	00110010000000101001011010001100
00110010111001011111110010101000	00101101111001100100011110110000
01101000000110011011111100101010	01111101101000011011111001001100
11000001000111001000011100000011	11000100110101111100100101010100
10010001100001000000001111100010	00000011101001000110011010010000
01100101111111101111011010101111	01011111011011001000011001011101
01111000010110001101000010111100	01010010101000100101110001100000
01101010111001111110100101010000	01011101111100111000100110010000
10011000001111010011011001111101	00110001000101111001011111010010
11011011100000100111111110100110	01010010011111010011110001011000
10010001111001000101101100011001	01010101010000001101100111101000
01010111000101101010001010110110	01001000100101111110001100110100
00111111001100011100010111110100	00101110000100000011110001011000
10110010111011010011011010000110	00111110100000011000001110100001
00100101011111111001100011010100	00100000010101100111101101010100
10110100011101001101011111000000	11110010010101110010110100000000
10001001000011001101100101101111	11010011101111010001001101110100
11110010000000110111011000000011	01001111100001111011000100001010
00100011010101001000111101011101	00100001010101010101110011111000
11101111000010000010110100011000	00110101101010001100010110000000
11001100001100001110100010011111	10101001110011010111101111010000
01010101001111010011001110110010	00011110100111101010101010011100
10011111010111010011111100000011	00111000101100110100111100110010
10111100011110011010010010100100	10001011111101011010111101101000
01111111111001100100010111011011	00111101000110000001110010011001
00101110101000111011101010110000	00100100111110010111001001010000
11000010110100100001101010111011	00010000011011010100100010000001
10111110100000110010111100101010	00100100111101101010110000000001
00000001001111110100100010000011	00000000100000100111011001111110
11010000110100100100100100100011	01100010000111001111100110011100
11100111011110001110111001100000	10000110111000111110001100000000
11011110000111001001001011011011	11001000001010101000011000001100
00001001111000110011101001001101	00000011111010111001000011010010
10111100111110010000000001000001	00000000010111110011101100001001
01010000110111000010100011010100	00010011010100101111011110010000
00011111000100001101011000111111	00010101111110111110101100010000
00110100010011100100001000101111	00011010111110101111011100110101
11011010100110111101001000101100	10010101100101000110011000110100
10001110000101111110110000110111	11100010001110000101111001101011
01010011011100011011011001110110	01000000000110011110100110111100
10011011100100100101000111001011	01011111100101011010000010111100
11101101010000001111100001010010	10010100010111001001001100000000
10101000110001011000010001100001	10101101110000000100111010101001
11000101110010010001101010110010	00010000111000110101100100110100
10110010000011001111100000001001	11001010100101001000110011011000
10011111111100100000000100001100	00000001001101010110010011110000
00001000110000011000101000111101	00001000000111001001011000000101
01101101001010100001001110010111	00001100001010111101101010110001
11010011001011101001000111111110	11000101101011001111010001011100
00100110011100110010010100001011	00001000000111101010110000010110
01110001010100001101010110011000	01011011010101110111000010000000
10010101101001001011001100011000	10101010000000000110010111000000
01100111101101111001100100111011	01101110011010111111111100110011
10001101101101000000111010010010	00001110011011101101100010110000
01100111010010100111000110101011	00101001100110101110010010100001
01010001100110111101101100110001	01110000100010011000110111101101
01001000010110101101001010010110	01100010101000111101000010100100
11110110011110110001000010001101	00011110010011011000101110011010
10001000111001011101001010100001	11011111011000110011111101101001
00010110001101001110000111100011	00011011010000100011100101000100
11010111110101011000001011100111	11010101110011010011001011011010
11001110001110011011011011110010	11101111100110000101000100001100
01101011001000110111111101111101	00101010000001000101101101001010
11100101101011100000100100111101	00001111100010110001010101101001
10111001110010001010000011011101	10001000100010000010101001110000
00110010111101010110001111111001	00010011000100111110011010110101
11111101001011010111110110100101	01000011000000101010000010101101
00001010011111110111100101110001	00000110101010101011010110110010
11101001000010101010001110100010	11001100111011010110111110101000
11110011110111011011001010111010	11000010000011010100111000100001
11001110011011001101101011010110	10000111110101101010101101101000
01011000111000111111011100100000	01100010100100100110101111000000
01111000000101110111010001000110	00100110100011001010000010011001
01010000111011010101001000100111	00100111000010111001110011000110
00011110011100000101101101101000	00001100010001010101001010000000
11101101101100011010001101101001	11001011111000100110111011001001
01101011001101011000100111110011	01101100111101110100010000110010
10001101100010101001100010101001	10010010111111111100100111110100
10101011000110001010001101000001	10010111101000101111010100110000
00101001001001110001010100100001	00000100100010100100111001101101
10000000111001111010110100011110	10101101110100111101011100110101
11111101011100101111100000101110	10000100101010000001110111000100
01011001010111100010001001000100	00010111001000001001011000001000
10100100011101100000011010101111	00000111011011010100100110010101
00011001001010000110001001001101	00001001100010101110101001110000
10001001000011101101010110111001	11011011101110000010101010100001
11000011000000011100010000011100	10010101010000100011110000111000
11111101111111011111100100001011	10000101111000100100001000111010
10011110111100000010111101100010	00101010101010111001001000100000
10100101001111000010001101101100	00101010001111001001111100110000
10110111000100110100001101011000	01011001101010100000000010101000
00000100011100101111110101110100	00000111100100000010001001110000
10101110101010001011100001010011	10000010000000110000111100001000
01001001010010000000011000011001	00000011011001011011000011010000
01010110001101011111001000111100	01101101001100000111100100010100
00111010111001010111100011110110	00010011000000010010010100010001
00110001100100011011101110001000	00111011100100001001100110010000
01011100010101101110111100111101	01101111101010001001011001110001
10110010001010001110101100001110	11010101001111010100111100010000
01001000010100011010000101110011	01011010111011000100011011110101
10110101001100101101010000101100	11110000101000000000010111110000
10010010101100110010000100100010	00100101101111001000111101101100
11011111100101110100010110011111	01101011110011001001010000100111
01011111101001100111001000110001	00110100010100111100011111101100
11111111010001100100001101011001	01111100110101100001101111011100
11111110000100110001010000101100	00011011111110001001101100010100
01011110110011110011001110100001	00011100111001100000001011111101
01101010001101111110011111000110	01011001110000010101110000111001
11111000111100110101000010010010	01101100011101111110100011011100
10100000001000011010001100001101	10011011111000001001010011011001
11011010000011100011111110000111	00101001001010010111010011000101
10010000110101111110011000111000	11111001001100011100100001011000
11110001111101110111000110001011	01001010000001010001100000100011
00101000011011100100110001101011	00010111111000111101001101000101
11110100011111101111011101010001	10000111110001001101111000100001
10010000110011000111101011110110	01110010001001011100110001101000
00101010011010101101000100101001	00111001111101101110100001001100
11101100000001010001011100111001	00011011101011010100110001000101
10010001110010111110111110100100	11110100011001110111101011111000
00100110001010001010100111010010	00101100010101001010000001100000
00010110101000000111111001010101	00001100100111011001100111000000
00000000001100100101010001010011	00000000000111100010000000111100
10111101100011010000010000110111	00000101110011100000111111000110
01110000001000010010011011011100	00011110111100110100010101111000
00100101111011101111010011111011	00111000110010111011001000010101
01110111100011000100110001010101	00111110001100111000110010000100
01110001111001111101000100110001	01011000010001101111100011111101
10010110000000011010101110111100	10111010001110111100000011111000
10100011000111111101000100110110	11101111011101000101111010010101
01010010011101110011001001111101	00011111100101011000010010001110
00000011001000111100100111110100	00000010010111000000100100100100
11110010011100101011100000011101	11001111011001011000101000011100
00011000010001011001010010001110	00011011101100010110010111100001
11010101111100001110000001000100	10110101110001001010100001000000
00001010011011110100111001100001	00000101111100011101101010000010
00000101001000011101101101001010	00000111001011010011011101010100
00100110001001111011101110011011	00101010011101111011101001000011
00001011000011011000101110010110	00001011100101011010100010010001
11001010101001000101011011010101	01111010101001111011111100011000
00010011001011111110001111010001	00011110111110110110010110100010
11111010101100011110011011100100	10011100010110100100001110101000
00000111111011101001000000010111	00000111011011001110010100110101
00100000100110000100101001101110	00010010110110111111000111010000
10111101111000000011011010111111	00111101001100001001010111100000
01100010111001101011001001100110	01110000001011110010001010010100
10111000010101110000100011000000	00001011000111110011001101000000
11000100011110011001100000010001	11010110100100000100100000101001
00000101111101011001111010001010	00000101010001010010011111101100
11110011001111010100011010110111	01111100010101111100100011110110
10101110001110010010101001001001	00100110000010000111011010011001
11000101111011100011111111010000	00101110101000111001100110100000
10011111000000001110011111110100	11110101111010010111010000000000
10000101101101011010100011001101	10101100100010111010111010011101
10011010001110000110111000001100	01100000100000111011101010100000
11010101110110101011111111000000	11111111000110011011011010000000
00101101001001011110000010001101	00110111001011110010011110001101
01100000000111000000010001101111	00000011001000110011101110101100
01011001111101001000001100011000	01011000110010100101100100100000
01011110101100010110000010011101	00111011010111100000001001100101
11011101100100110000101111001111	00001111000101100000010000000011
10100000010100000011001100110001	00111111111011010100000110100000
11011010000111010000011001111101	00000100001101010001100010010010
00001111000000101001111000101111	00001110100011101100000001111100
00010000111000001111101110101001	00011111111000111011100000100000
10001101001101111001011000010101	10011001001111001010110111011010
01111010010011000101001100111001	00110100011000001001101101111000
11110010011011110100110101110010	01110111001010101110110111010001
11010111011110100110110010000000	01001001000011110100111000000000
00000100000011001111100101010100	00000111110001001100000000010000
11111001000010100111111111011001	01000011010000100000010010001100
10000101110000010011001101001001	00110010011011010101111011010001
11000110010001000100101000011011	01101101110100010111000010111000
10001100111100000110010001110110	01100010111100101001000101100000
10101101001011011111001111111111	11011010100101100100100100101110
11110110100100000110111111001110	01010101101101111010001000100000
11000000111011110100010110111100	01100111011000000001111011011100
10100110011001110100101010000100	01011010100010110011111110111000
11001010111100110010011000001111	00110110001100110111010101000011
11001100111101011000000110100011	11001101111000010101010011100010
10101000001101010011101000111011	00110001110001111111100000101010
11011001001001000101110111001110	01111001100111000011000100001000
01101101011001011111011000100001	01010111000001000111110001101001
01111111100010111000111101111011	01111000001011111111101101101110
10000101111001010111011010001101	01110100000110100111010000101101
11101011110000000001001101011101	00011111101011001011001101000000
11100101111011001010000111001101	11000011011101010110000011100100
10111111011111100000010011010000	00000101011111010010000110100000
00111001010010010010111111101100	00001101000000101101000000000100
00010111011111111110000111011011	00011010001001110110100101011011
11001000101001110011000110101011	00100110101010000110100011111110
10000110111001001100110011010011	11001010110000111000001011111000
11110110111100101110100101101001	10011110001001111001110101110100
11010100000010100101110111011000	01111100000100110111010100010000
01101000000000100110100100011000	00100111001110011110010001100000
01000010001001001011001011110101	01011011101000000010101100011000
11100100111110011110110101010101	10000111010101011000010001010101
00011001010001111111111101101100	00010110101000111011010100001100
01111000101010110010111010100001	00011001111001001001100011110101
10110111110110100000111100010110	00001100011011100111010110100100
10100100101101001100011000011101	11110010101100000010000100000100
10110000011101011011010111010010	10010011101101101100111011001100
01100110001001101010101110100011	01111011011000000110100110110001
10001001101110101111010010001110	11111001011101000111101010010100
01111111100111010111100011001110	00100011101001110100010111001001
00010001100100001010010100000011	00010101001001000011010011100000
00101001001000110000110011011011	00000011111011101111001000010110
01001111110011000000011010110001	00000011001000111111010100111000
11010100101110111000100011110101	11011011001010001111110011101010
10011110011001001100100100010111	11011110111111011100111101000100
11111011100001101001100001001100	11100011001110001110010011001000
11010111000001000111001000101001	01011001110001111000100011001000
10010000101000001001110010100111	10000000001101000100000100100000
10010110010010001001010011100101	10001011100011101010000000110000
01000100100101001000100000111011	01000010110011111101101011000100
00110010111011100000001001111011	00000000110111011000100111100101
00100010011100010000110101001110	00000011011010000011110111111100
11011110100101001111111001101001	10100000011001010100011000011000
10011100100111100001101110111100	00011000101110110001001010111000
00001011000011011101011011001101	00001111011010101101011111011101
01000011001111110101001011010011	00101000011001110110110100010011
10111110001110001010000001110100	10001110001000001111100010100000
11010011011000000110111001010000	01001001111100001110001000000000
00111000001110101001000000000011	00111111001111000001100010100001
11001011010011001001001010010000	11010100100101111110101110000000
11110100111011011101011100100101	10100100001000100100000001101101
01111000100010001011101111111101	01100111000101000010101100110000
00000001111000100100101001000001	00000000111001111010011000100100
11000100101100110000111001101001	00001010100000100011000100011101
11110110111100101100010001011101	10110100010000011000001110011100
10010010110111110010110010100000	00101011111011101101100010100000
01111011010010110001110010001110	00001001011110000100001010111001
11011001000111111111010001100011	10101110011000011010111000000011
10011101001001100011010000001110	00110011111111000100010000110100
01000001101101010001011110001101	00001011111110000010100100011101
01001110101000011111110100000111	01110000000010101110010010101101
10011001111110100010011001001010	00100011100110100010001101111000
10110011001100110011011001101100	00111110001001011001000111010100
00011001000000000111111110001010	00001011011101010000110000000000
00000010011000011011001111000101	00000010100000100110011110101001
11110101010000101000100110000001	11111000001011111111110110000100
00101000001111110011001001010100	00001111101110000110010110010100
10110100111000111011011111011101	10010101110000100110110001001010
11000111001110111101100000111100	10001111111111100011101111001100
10110101100111101011000111111101	10010010111010001101000011011001
00110000010001111101101111000100	00100010001000001001010111111000
00001110101000000011011111000101	00000010110010101101111011000000
01010010101001010100110010010000	00101110010001111111011110100000
11101111101010000011001100010010	00101011000111110111110001100000
11000001111111010010110111001101	00111000100000101111011001100010
01101111010000110100001110110100	00110110001111110001101101000100
00001111001000101100101010100100	00001011100100001011000001010000
10100000011010011011101010100110	10001011000111100110011011011100
00101010100101010001111101001110	00000110100011101101000000110001
10000111000001110011001011110011	00110011100011010001100001101110
01110100101000001101001011110100	01011110011011110010111100000000
10100111100101100100111110111000	01011110110100001100011000110000
10011100110110011101111010001010	11000110101110011110011010001100
01011011110100100011001101111111	00011101101111010111111011010001
01010011011101100100110010000000	00101110101101100010000100000000
01001001000010101010100011100011	01011111100110000001010101111100
01000001110101010001010010001101	00001010011101011111010101101101
11100000111011011110110011000101	10000001111000110000110100101101
11110111011000010101111111001000	01100110010000011110000101010000
00011010011000000001001110100010	00000011001101010101110110000000
00001110100111010011010111011000	00000010111001101101000000101000
00000101001001001010011101001010	00000100110000000011101111010000
11111110101010011111111000101110	10000000011011011110000000100001
11000100101011110111111011000011	01011100000010100100110011011110
00001011001001110100000011010111	00000101100111010011000001001011
00100010011110101010000110010101	00101010101110111101011001111100
01111110101000010111010111110111	00100101101110101101111100111101
11011000010111011101011100110110	10010011010111000111010011110001
00111011100011101001011011011010	00111100111001111110010100010100
11110101011100101111100011100111	10001100000011101001000011100001
01101100000010110000011101001100	00000010110111010000011010010100
01011001111100110010011010111010	00010100010100000011110111010001
00010100001110110010001001011100	00000101010100011101100001001100
01111101011111010101101011000010	00110011000100110111010001001100
01100001001100000011010001010100	00010000110001000000100001000000
01010110101011011100001111100100	01111101101010101011010000111000
10101001001101111010110010111001	10011011110110100001001010001010
01100010001100101001010101010001	01101100011010000000101010010100
00100010011000011011100010110101	00101101100101001101001101011001
10011001011111100001110010010001	00011110010010011101101111000001
01000111110111011001101010110010	01001001110100100010001100011100
01000111101101110000110111100111	00000110100111100101001011101011
10100000110100000000001101110011	00000011100100100110011100010000
00101101010101011010011111011011	00100000111101010000010101001010
01101111111000110111011000011000	00101101110111110010100011001000
10011010100001001110011000111110	11110011011000010010110000001000
11100101101010110111110001100101	01001110000100000111110101010010
01000110011000000010101011110111	00010100011010011110111110100000
11110001010101110101011001011011	01101100101001110111100000010011
00010001110110010000101111010010	00000001011011001111000001110100
10100010011001111010111101110011	10010000011001111110010001011110
11001010100100101011101101100001	11100101011111010000010101100100
00000001111001111001101111111001	00000001110111010011000100001010
10011101011000010010110001110110	00101001110110110111111110011100
10101100010010011110101110111100	11000001110101101000101011000100
11101110001101001001100111000101	11111000000110100101011000111000
00000010101110110111111110111001	00000001101000111101000100010010
10000101000111001011000001111110	10110100011110000100011111011000
01001101110010111100001001011101	01101001110111010110000001011010
00010011110100110110101000100010	00001100101010011010011001101100
11011110101001110111011110110000	01011010111010010011111000110000
01110010010000010100100101000010	00111110001101100100011110000100
00010000110110010101111011011000	00001011100111011100010100001000
11000011000111011000101110001110	11001100010101110010010001001001
11000110101110110111100001010000	01011001111100111111110100010000
10110010010001011111101110011101	11001000011000001110101110101101
11010010011101010111110100110110	01010101111111110001000001010001
11111000110010101001100001010100	11100000001011001101010110110000
10100110001000011100011001010101	11110000101000100111100000011001
11010111101101101011010110001000	11110011010001110110100111100000
01110001100001010100010100100110	00111011110011011000000111111100
10001110110010010101011000100100	01010011000011110001111100101000
00011001111001100010101100001010	00000111100100101010110100000100
11100110010100101000001010101010	11100100111010001110001100011000
11111010011110010101010001011101	01101001100000001101010011001101
11100111011011011001100111100001	11110000100001001000011100000101
00110000010101101010000111001010	00111100001111110001100101000100
01011101100001100100011101010100	00101100010100110111101000001000
10101010100110001110011111000011	11001101010110010100011011001000
11111101101000001010001001011110	11011110010010010111110101000000
01101010001000110010010011110101	00011000011001100100101001100010
11100010111010011010100010101101	11001011110110011000000011010101
00001010110100010110100110100000	00000111000011000101000011000000
10001111101101110110110101111111	01101010111000100111110100110111
01101100000010011010001111111010	01110001110000001100111110101100
11011001100010000100110101010001	01100011110100111001000110010000
01110000011100010011010011110001	00010110001111000100111011110001
10101010101111010110111010010010	01110100010000010010101001101100
11100001101101100100100000001001	01111110110001011100010110111100
01001110101010001111011010010001	01110110011100101100000111010000
10001101110101100110011101010000	01100000110101011010100100100000
01100001011111101000000010001111	01100001001001010011100011101101
10100111101101010100111110110010	01011110110000100100111100101100
10001011101100110010010110100001	00100111011101101000111011010101
11110100111111010101100101001111	01100010000011101011010010101110
10110110110111000110110001101010	01111111011001001100000000101000
00001101001101101101101001000100	00001001010000000110100101110000
10101010010101101111011001000111	11011011001001001011000001111001
00100010001100001001000010100111	00100110010000101001111101010000
00010101111011010101110110111010	00001000000111101011110011000001
10001000000010000011111000001000	00111100000110110001000010000000
11110110101000011000001001101011	11110100110101010011010111110101
00001010010011011000110100101001	00001010100100011000100111100101
00010110010110110111011111100100	00001101001001110000100001000100
11100101011110010010001101110111	00111011100111010001111111001010
10110001011010101010001100110100	10000001011010110100010011110000
01010100110011110101100000111110	00100010010100001000011110101101
10110110110100000000011010011001	00000111101101100001101101100000
11110000110101111001101100010110	11101101111010101010001000000101
00110000111101111000100000010101	00110011111111011111011100111010
00110111001000011011000001100111	00111111111000110100111011101101
01101001001110100101110010100001	00111111111001110111010000001100
10001111000001010111011100110110	01110000001100101101111000100001
11110101110110100111001101101101	01001011000011000001111010000001
01011110011100011011100110111001	01001011010011000001110111101001
10111111000010110010011001110001	00101011000111111011110000101101
10011100100100100101111010001001	01010100011101000011100110010100
10001110000001000011000011000101	00110010000111101001010100101000
10010010011000000000001100011011	00000011011100100100101010100000
00110110101011000110110100011010	00010011010110001100000101001000
10110010011000001111110001001111	11001111011010100110111110100000
11011110101010001011001010111010	11111111001001000010101111100000
10011111001010110100011011111010	01001010011101111001101011110001
01111110101000010011010011110100	00010101110010001001100100011000
10101110110010001110101100111011	11000010110001110001001100001000
00011111011100011100111001011111	00010110100101100111101111010010
01101000100001101001000100001101	01100011001010001100111101000001
11010110000111011101111011100011	10010110000100111100110111110010
00000000010001000011010111100010	00000000000110110010000110010000
10010001010100010111011110011001	01111010001101010011001011001001
10011010110001111110010000100010	11110001011000100110000100111100
11110110111000001101101100100101	10101111111011101001001100100000
01111001001111000000101100110001	00000110000101011110101010000100
00011110010010001110010110000001	00010010001000010101101010010000
11110100101101000001110000100011	00010010011110111000010101000100
10011111101100001001011101111000	10000101101001111111010110000000
00110101111010011110111010010010	00101111001100010110000111010100
00110100011001011000101010011000	00110111111110110111011000001000
10001000110001100001111010011011	00011111000110111110010000101001
11011101000100101011010001111101	11111011010010011110000001101100
00100101111010101111010011010110	00111000110001011000110100100100
11001101011110101011101011011001	11100000000100110001111010011100
11110110011101001000110000101001	11111100111100001000011101011000
00011111110111001000000001001111	00011111110101010000110100011100
10011001101111111100101001111110	11011001011000011100010010111101
11111110101001000000010110001001	00000110011110100010101010101000
00100100000110101100011110110010	00110111110111110000101101011000
10101010011100110110100110111111	01110011011001110100011000110011
01000100001110010000101010000011	00000101001101100110011110101101
00110010100001111101011011001001	00100011011100110011110110000010
10100101110011001101010011110110	11101101111011001011011001101000
10101010001100010101000000000110	01001010110110101010010100101100
00011001011110110010101110110000	00000111101100000110000000110000
11110010010101010000110100100001	00001010010010111010001000011001
00111000010000010001110000011001	00000100011010001011101010110001
11000000101100000001000101101111	00011001110100111110000100110000
01000110001110010101110110011001	00101100100011000001011110111001
10101000110100101110100010110010	11000111111100000011100101101000
01110100111100100111010101111000	00100010101011001011111010010000
10010011001010111010111100010100	10111010001100001101000001000100
11111001000100000010000101001101	00111111111111110100000001100000
10110100100100110100010101011001	01011110000001100010000110011101
11101010100110101000111010100001	11100110010001011000100101110100
11010100100001100011010000001000	00100110110001101100010001100000
10010100001101011100111011100110	11010110101010111000100110100001
01010101011011011011000010111110	01000101000100100101110010011001
10000010010100110000000101011111	00000001010110010001011110100011
00010000001010101101010100101001	00011010100000110011001100001100
10001100000111111011110110000011	10110100101101000010101111011110
01011100000100000101100010101110	00100111111010101100001111000000
10000010010010111101100010000010	11011011101101010001111010101100
11010110110111010010011110100100	00110010010001101011110111011000
11010011000001111011000001000100	11110010000001100110011110111000
00000110011000110100111111110011	00000011011001001100010010000110
00010011000010011010011110100110	00010111010101100000010110011100
01110010010111100110011110011000	00101000000000011111101000110000
10001000000010011101101101010100	11010001000100000111100000011000
01101110011011000101111110111001	00111100101100011101100110000100
01010011110001010000101110001110	00000100011111001000101100010001
10000111000101110100000011011100	01000011001101011011010110101100
01110010101101100110110101001000	00101110100011001011111111100000
00001011101011100111010111000001	00000110110000011001100100111100
00100101110001011100101010000100	00110100010011001011001010101000
10100110110001110100000110011001	01010010011010110101101000010010
10001100101101111001101110100100	10010001110001001000100011000100
01001101011001001001011101010000	01000000001101000110010110000000
10000010000000000110110000100011	01101101100010111000110000000000
11101001010111001100010111011001	10100100110111010111100111000100
10110111101101001011000000001100	10010000101000110111100100010000
10110110110111111101011111111110	11110000000001111000010110111101
10010111000111100100010111010000	01001110011000010111111010100000
11000000000010110000110010100000	00001001111100001110110000100000
10011111001110011000101010100001	10010011111000001111110110001001
10111101010101110010101000010001	00100000011101101000000010111101
11000111100101111000010111100101	11000011001101000110010010011010
10001001011100110000011110010101	00000111111011100100100010010010
10101000001001000011001100001001	00111101000010010001011000101000
01100010101111000010101011111011	00011111001010000010111010101100
11000101100010000110110000100011	01000110001000010010000110110000
11010011011100101001111100101111	11001110111110000110011011010001
00100010011110111101000110010100	00110111010010011000100000100100
10000101100110001010010000010101	10100010001110101010101100001000
01101000111111100011001001101001	00010001011110010011100101010001
10011111111010111010000100111100	10111010000010010111000011001100
01000110110110000011111101111110	00011110000011001010100110110000
11011001000010000001000010000000	00011011111110001000100000000000
11010010101001011101000010000011	10011100101001010010010100111101
00000100011101011000100000010001	00000100000010010011000100111001
00100000111101011110100110010011	00111010111110101000101110010010
00100100001000110110010111010000	00011010110111010011011100010000
11000000110111111110111111000101	10100111000110001010001100000110
10011111000010000010100100001110	00101111111111010110111011100000
01010011111011110011110011010000	00011010100000111111101101010000
00010011000101111111000011010110	00011101110111001001101010000101
11000110111011111100001100001111	10010110000000101001010100010111
01000111101110100001111001010110	00001111101010011101000011100100
01110000000100011100000110001100	01010100101100100000101001011000
10110110011010000111000101110010	01101110011001011000011101100000
11110011110101110100100110101011	01110000111011011001110100100011
10001100101001011001101111100011	10010001101110001010111100000010
10100000110110000110000011101111	01111000101011100100100001011000
00101000001110011110000101100000	00110001011000110101111111000000
00000110001111010010100100011010	00000001111001111011010010000001
11011010010011000001101100011111	00010011001001010100111100001100
10101000010000001110001010101010	11001011001100011000110100000000
00010110101010101101110001010111	00011111011111010010010001110001
00101001000000000001011001011110	00000100001000110110001000000000
10100100110001101001000101000011	10110011000110001110101011010001
10110000010101100010100010100101	00100000010101010100011000100001
01011010111110000111011101010101	00110101100101110111011100101000
00011000001101101111011000001101	00010110011110101111111001010001
11110100101010010110010000111110	01011111000101110001101000010001
11110100101100001001010000100100	11100001000111010011101110000000
01010110010001001010100101111101	01001101110011010111100110011000
11001000111111010000000010100110	00000000111111100100011011010001
01110001001101010110010000010011	00101000101100010001011101100010
10000100110110000111000010000100	01110011001111010000000111000000
00101011110110110110100101111011	00011100011001010100010011111110
10111010100000101110100000011101	11011010111011010000000011110100
11000010010111101101110001001111	10001110110000011111010111001101
00010101101101111010010101101111	00010010101110010001111100100111
01001011101111011101001110100100	01100001111110111010000000111000
11111110001001010110100101001000	01010110000010101000111111010000
01110000101001011101011010011001	01011011010110100101011101000101
10010010011100000101101100011010	01010100010000101010111100100000
11111001100111001000001001100001	11111010110110111110110001111000
11111011001110110110011001101110	01011011010100110110010001100101
10000001011010110000111011010010	00001110110001011010110011111100
10010100011001100011011000000011	00110010100110111001001100110001
11111010001011111010001101100101	11011000111001011000110011111010
11101010100001011110110001001001	10001101111000100110010000111001
00101111011101111101101101100111	00111101010001011101111011101011
11100001010100000111111110011101	01001111000000000110010111100000
10000001011011011111110110101100	11111100111110110000101001100100
10111101010011000010110000111011	00100110010111010010010111010100
10011100010110001001001110001010	10000011111110010000011000010000
00100010101010111100001111011100	00110011011110001001001110001100
11110100001110011110011001010110	10010111001100100101011100000001
11111100011100010011000101101100	00101110001010001111001001111000
00100010100011100110110001111001	00011010001110111111111110100001
10001011101111001111011011010100	11111001000101110011111001010000
11001011010110100000110001100111	00001001100110010101010110001001
01110011110000010101100011000001	00110111001100111111111011000001
01111111000010101001001110000101	01110110101010101111010011001100
10110111011001011010111111100111	10001011110110011111110011101010
11110101101111110010100001111110	00110101110011111111011100111101
00010000100110011110011011000000	00011100010101010001000001000000
10011100000101111011000001110000	10100111000101110111110100110000
11001010011001111110110110101010	10101010001011000111100010110001
00010000010100010001010110110001	00000010101111110000011000110001
00001000100111001010101011100001	00001010010001100101010001111000
01010000000001000001101101010101	00001110001101011000011010101000
01101111010010110000110100001010	00000100100101111011111001000001
11000111100100010110011110011100	01001111001101101111010011111000
10101101000001011110101111001101	11000000111000011010011100001101
00100011001111010110011111110000	00011000001010001001110111010000
11100110110101111111101000111010	10011100111110100000111100101001
01101010010110001100110000110101	01000100111000001110110110001000
11100110001111010010010001011101	00111110001010101011111100010010
00101011110010101011000000100110	00100011100010001100001100000100
00101111000110001100111101111011	00111001111000101101110110101000
00100111001010110010001100011010	00001001011110101000101110010001
00000001101101001010010100101001	00000001110010101101011001011000
01111111101110001100101000110010	01011010100001001000111100010000
00110001000001111111111100000011	00101110110101010001001010010110
00110111001010001110111000100111	00101101100101111101010101001000
01010011001001100000100111100011	00000101111011011000100101110001
11101110100111100110100010100011	01011100110000001100000110111001
01001011110101101010001110011001	01011001010111101100001100000001
10111001101101111010000101100000	10001001000001001011000001100000
00001101001001101001101100100010	00001100100110000010100011011000
01010100000010101111011110000110	01101100100000110101010101111000
11001100110011010100101010111000	01101010101101000110000100101000
11001010011100010101100110010001	01110111000100000000000100110001
01011000101011001100010111010111	01110001101101010000011100001100
11101111001010111110110010001010	10001000000101111111000111000001
10100111000011111000000101010000	10100110101010100100011110010000
10011010111001110011101011110000	00111111010110101000011110110000
11110010101011110100100100010111	01110000111111101101101101111011
11101011000111000001010100101101	00011000100111100011100000010100
11001100111100011100010101111011	10011110111001101001000100111101
00001101101100000111111111101001	00000101001001100000010000010000
00000101000110101100010011001010	00000111101111111110001100111000
01010100011110111110000010110101	01100100101011100001010001101010
11001000100101011110111010001000	10101011010110110001000111010000
10100010110100101001001010000111	10110101110110001011110001000001
00101000101011011011100110111110	00100010100010111001101100011001
10101110000011001110110110010011	11000101000000010111010001100100
01001010110100001010010011110011	01011011000011110001010010010000
00011111011110011000111101011011	00011110111010110010111111100010
00010100101001011011111010000001	00010001001100111001000111001001
00000100100100010000011001101100	00000000001101000000010010111000
10101100111010001000101110001100	10100010111010000010000100100000
01010100101001010110111100000010	00111010011011001001011110010100
01110110100001100011000000101100	00010100100101110111001111001000
01101000010001100110000110001110	00100001101100001111111011010100
10000110111001110001110101011011	00011101111001110111010110100011
01000111110100010100101011011100	00100110001001111001011000000100
01110011111010110111101000110001	00100101101001111100101001101101
11011100111110100110000111100011	01000111101011010001110001010001
01110101001100010111001000110000	00100000101000001100001101100000
11110001000011010110001010110010	01011000010100101101001010101100
11010110011100101000011111110110	11010000100010101010001001000100
10101110010110001110101101000110	11000010010000001110110001010000
01001011110011010110111001000100	00110011011000110010110000011000
11100001011001000011110000100111	00100101110000101001101001000100
10011011111100010001100011001101	00011010111011000100010100100101
00111100010111110111011110111111	00010011111101111010110000011111
00101011000101010011011101111010	00001110110111101001100101111100
00100000011111001110011000100000	00111001110000001000100010000000
00011010101110111011100110000111	00011111011010000100100011000011
10001001110111110110011110001011	01100010101001101100001001110011
01011101010111001010110011100101	01000001011111101101101001100100
00000110010110001010010011110000	00000111111101101111000110000000
10001100100001101101010111111011	11011101010110010101011100101001
01000000101000111000110000011011	01000110101001101111101001100110
00001010001000011000011111011010	00001010010111010011111011110100
11111000011000110100110011101110	01110000110110001111110000111001
10010101011110101011000000010011	10101001011010110001111110010001
10110000110101101110000111001101	11011011010100010100100011010001
00111010100111110100001001111101	00011101100010010100101010011110
01011010101001111100001001110011	01110001010011100101001100011110
10000101010001011001110111001110	10011010100110111100000110010001
00001011101100110001010000100101	00000001000101101001111111000010
00100100001010100110101111111001	00011000010011010001000100101100
00100010011110000010010000100100	00001001100010111010001000100000
00110110100101010101101001000001	00011111111001100010001001101001
01111110101000001011101101110101	01100011100001100000001111000000
10100110011000011000010001111110	10100000100100001110110001000001
11000011100010101101101001111110	10001010010100001101101000010100
01110011011101000100111010010100	00111101101010111100100111100000
01011100111001011010010000111100	01000110110000111001001011100100
10000010010111110011011111001000	00110111011000011001111011001000
01101110010010011001010101010100	01100111110100000001011000011000
11110001101010001000110111010100	11111011001101111011010111000000
11101100111101010001010011101001	00011001100010110010111011100101
10101010100000001010111101001111	10011010000001011100001010000000
11111001101110100110010000111010	01011001100100001100110110000100
00000001001001011111000110001010	00000001110001100001011000101100
11000001111100100000001111111011	00000010111111010111111010100001
01010010001101011000000101000111	01010010101001000000111000011010
00001111100111100011001101010100	00000010110100010100011000101000
00010110001010000110110111000011	00001111100111011001100111110000
11100100100100010011101100111000	00100001100001000110111011110000
10110110000010011111001111001101	11000100111111110000111010100101
10001011000001111011110011010111	10110011001101101010100101110011
11000110110011010001001011000111	00011011001111001100001011111010
00000110111101000110010000010100	00000010000100000111011011100000
11010010011001111110001111111111	10110010100111011110100001100111
00111001101010110001011000010100	00000110111001001110110110000100
11110100001101100011011011000000	00101011000011000100111010000000
11001110100001010101011110101011	01111000010000100001011101100010
01001100001000110010011111000010	00010001010010111110000000101100
01101101011011110001110110010111	00001011000111110011110010000111
01111111010010110101000001001110	00110111100110101011111110111001
11000010110001110110100010110000	01000011011101111011100111010000
10111011110010100001100000111101	00011101000101000111100110111100
10001110111110000100010110010111	01000001011111011000110100111000
11110101001111101100011110001110	10110100011100111110111011101100
00000111100011100001001010011000	00000000111001110111110011010000
01101110010101010101101000101111	00111110101001100010110101000110
00101110101111011111110010010110	00110001110011001100011110110001
11101011100011110000000001101010	00000000010111000111110010001001
