111001000111000100101000001000100111001100100010000111110001	00000111111000100000010100
111101010000010001100110111101100010100011001010010111000000	00000111101000000111101100
011110011011100011011101010011010100000001010100001111010011	00010111111000011101101111
011111111001000011111100100101001111100001011100010100101000	00001111101000011111111110
101000110101101100010010100100011110010100001101011100001100	00010111101000010101101111
110000011100001010001010010111000000010111011100111111010001	00010100011000000111100001
101000010110000010000011111101000111100011001010100100110110	00001111101000010111001011
101101001000111010100110000100101010101010100110111010110011	10000111111000101111001000
000101011000110111011111111011001011011100011100011101000110	01010110101000010111101111
110111010000100111001111111101101111110101111100110001101111	00001000101100101111111111
110010000010101001011010001110000111100110111101010010010001	00001110011001000010000111
111111101010101010010100100010101100111000011110001001000110	00000111101000001101101010
111110010000110001010011000010101001000111110001010101011100	00000110011000011111101010
011111111100110100010111001000000100000111110010011001101100	00000110001000110000000000
100101100100100010010100111001010100010010010100100010000011	00000111101000010100101010
111000110010011010011001111111101011101000010011110001000110	00000101101000010111101011
101100110010111011100000001001111011001000100111000100001101	00000111101000000111100100
000100000111111101010101101010100111101010001001001010111111	00001111111000100001111000
110110000011111101111110110110010000100000010000100000001101	00000111101000001111111111
001100010001010011000011111001000000001011000010101010001011	10000111101000001010100010
001010100101110100001000001100000100011101011000100000010001	00000111101100011010100100
010011101101111010010100111111100110100110011100100111100001	00000111001000110111101111
111011000111111101101000111100000100110001001110010001101010	00000111101100110001011110
001000001111010111101001100100110010010000100011011001011101	00000111111000001111011111
101110111100000010110000110111010110110011010100001100111111	00010111101100001111111111
001001001011111111011100001010101101001010011110111100101111	10010101101000010100001100
101000011101000100100011110110010101010001100111000101010011	00000111111100010110001111
000011000000110111111110111111000101100111110000100000101001	00000111001000010111101111
010100101101001110111110001110001010000001110100110100110110	00000101101000011110111111
110110100101100010011000100110111010100100100010111010110100	00000111111000110111110101
010000111100001001100001001011111000101001000010011011100111	00000111101000110001100100
000011100101001111101111001111001101000000010011000101111111	00000111111000111011101111
000001101110010100000011100000111010100100000000001111001011	00010111101000000001000000
011011111001000001001001101000101010100101101110000010010011	00000111111000000000110001
000011010110110001101110111111000011000011110100011110111010	00010111111000100101101111
101001010111110101000111000101100011110001111001011100101110	00010111101000010111011111
010011001001001010010000111101001110110111010111001001010111	00000111011100010011111101
101101010001010010001110100010011010101011000110100011000000	10000111101000000101010111
000111100101011001110000000100011100000110001100101101100110	00010111101000111101101101
110000010100011001000110100001100101010010101011110011111011	00000111111000110010101000
100010001000101110111111110100000001111000100100101001000001	00000111101000000010010100
111111101000000001001011110001101111100010000001000011010110	00001111111000011111100001
111010101010100000101101010010101001000011101011100101010110	00000111111000011011101101
100001110001011100101111001111010111010010011010101110001100	00010111101000010111111111
110001001011001100001110011010011111011011110010110001000101	10000101101100011111111111
110100000010110101101010111100110110100100100001001011100010	00000111101000100000001000
001101101101010101100000100100111011110011011011010001000010	00000111101000011101111111
101001011001101111100011101000001101100001100000111011110010	00000111111000101001000000
110110010010110111110010110010100000011110110100101100011100	10110111001000001110001110
110001101011010000100110111101111101110010010110100111101000	00000011101000110111101111
001111011101010001101101010110001011010001101101100010000110	00000111101000000111111111
100000111001111000010110000000000110001111010010100100011010	10100111001000011000010000
100011101101100100011111111101000110001110011101001001100011	00100111001000101111111111
001100100010100010101100101000110011100110001000001111010011	00010111111000001110000000
110110100100110000011011000111111010100001000000111000101010	00000111101000001111101111
000010000101011000110001101100100111101111001001000011100010	00101111101000100000011110
010000001110010000011011010100010111100011010100111010100001	00001101101000100010000000
101000001100000000000010010100001000101101010010001000111100	00000111101000001001000011
101000010110101010101101110001010111001010010000000000010110	00000111101000011101101101
001000001010011110001101001101000101011101110110000101011010	00000111111100000001001010
111111010000011110011001111110100010011001001010101100110011	00010111101000000111101111
000100111010110110111101101101110011000010000111100010010101	00000111111000001111111111
010111101010010011000110100100010100001110110000010101100010	01100110001000111001101100
010001110100010001001010101011110111000101100011110000111100	00000111101000001010100001
001100110110011011000001100100000000011111111000101000000010	10100111001000011100101000
011111000000101001001101011111110000010110100001010101010010	00000111111000001111101111
011000011011001111000101111101010100001010001001100000010010	10000111101000001101101000
011101101000111110100111001100101100000101100011101101001111	00010111101000011111101011
100010100101010110101111100001110111010101010001100000110110	00000111101100001011111111
100000111111001100100101010010110100111000111011011111011101	00010111111000001101001111
111011100010101101100010111100001101011111100001100111111001	10100111111100111011110110
011000111010011111111100001101011000010011101111011110010110	00010111111000001101101111
111101100000110111110100101010010110010000111110111101001011	00010101101000011100101110
110001110011101111011000001111001011010110011110101100011111	00010111001000001111101111
110010001001110001101010001010100111100001001011100110101110	00001111101000100110010101
000010010100001001000101011001000100101010010111110111001000	10000101101000011101001000
110100110110010010010100101101110111101000001100011001101100	00001111101000101100101011
100000001111110111011001110000100111111111100100001101110111	00111111110100100101010011
110100110000010001111101101111000100000011101010000000110111	00000111101000011111101111
111111010000000010100110011100010011010101100100000100111000	00000111101000011101000110
110011100101000000011001111011001110011101110011000010100010	00000111101100101101110101
001101110110010010101110011011101010100001110000101000010001	00000111101000001111101101
110001010101001010100101010011001001000011101111101010000011	00000111101000011011101110
010011011000011100001000010000101011110110110110100101111011	00000111011000100000100000
001100000010100010010110010001001011101011011101011100110110	00010111101000010100001010
001100010010110000011111110100101101110011010110111101000011	00010001101100001111001000
110000100001011000000011101010110000000110000100111010101010	00000111101000110001101000
101110101000001011101000000111011100001001011110110111000100	00000101101000010101100101
101010010110000100001000100001001011010101001011000001100101	00000111101000111001100001
010000111011010000001111001000101100101010100100101000000110	10000111101000001000100001
001111100101100001011000110000110000110011010010001101110000	00010111111000111010000011
111100010101101101111010010101101111010010111011110111010011	00000101111001000111111111
100000000010110100000111111010000001011011100110110110101110	10000111101000100110100001
111101011000001000110011000000101111011001001101000101000110	00000111101100010101100000
100110111010101001100010101010010101000111110100111010000111	00000100001000010010100100
101001001111111000100101011010010100100001110000101001011101	00000111111000010001101111
011100101000100101011101111001100110110111010111100100001111	00000111001100001101101011
111001000011010010010110110111011100111000111011010100101000	00000111101000011111101011
000001110011001011110011011101001010000011010010111101001010	00010101101000000111111010
011010011001100100100111000001011011000110101111100110011100	00000111111000000011111100
000101100110101010100011011101111110110100011000111100101111	00010100101000000111101111
010011000011010001010001000100100011100000110100000010010000	00000111111000000001000100
011110010110010011111011100010011100110110011101111010001010	00000100001000011111100111
100000100110000111111011001110110110011001101110100000010110	00000111101100011011101111
101100011101111100010011001100001101010101111100110010110011	00000100111100111111011000
011001101100011000111000011011011101100111001101100110000000	00000111101000000100100111
010110111101001000110011011111110101001101110110010011001000	01000110101000011111110110
101100001110110100101001010001100110001101100000001111111010	00010111111000111101000101
011010010010010000000010001111010011010010101101110000100111	00000111101000010111001101
000001000100011100111110000000111010011100110111010111001100	01000110101000000001100000
000001001001000010101010100011100011010000011101010100010100	00000111101000010110110101
001011111010001101100101111010101000010111101100010010010010	00000111111000000010101100
100101110111111100010001101110111110001011000001100011000111	10000111101000001111111111
111110001010001111110011010101100001100000100010001010100011	00000111101000101111101110
100011011110000011101101111011001100010111110111011000010101	00000110001100010011111111
110000100001110011101011011001111010000101011010100011001010	00000111101000010111110111
111101110111110110110110011111100001010100000111111110011101	00010111111000001111101111
011101101101011001111011010010001000001101011001101011111111	00000111111000101101111001
111111001000000110100110000000010011101000100000111010011101	00000111111000011100000000
110100101011011000110001000110010000000110101000111001110001	00000111111000101011100110
100000010110110111111101101011001011110101001100001011000011	00000111101000010111111111
001101011101100000000101001001001010011101001010111111101010	01010111101000100111001110
110101000010011110100101111110100011001010100100010011110001	00000111111000110111101100
110000110101001111000111011011010100110001001111011110100000	00010111101100110111101111
101110011100010110001001001110001010001000101010101111000011	00010111101000010111101101
110101000100111110111010110101111101001111010110111100110000	11110100001000001111100111
100111111110001011101100010010101111011111101100001100001011	00110111101110011101001111
010001010100011010001110010100001001110101011101111001010100	00000100111000001101100001
110111001111010000111001111001100101011011111100011100010011	00010111101100000101110111
001001110100000011010111001000100111101010100001100101010111	10001111111000010000000000
110011101110010000111001101010011110001111101101010111011011	01100111111000001001100111
111010100001011101011111011111011000010111011101011100110110	00010110001000011111101111
000101101100001000101000111001101100011110011000101110111100	10110111011000100100100101
110111010001100100001000111011000100111100000001100110110010	00000111111000110100101010
001110111000111010010110110110101111010101110010111110001110	00010100101100001111111111
110000011100100111000100110100011000110101100001100100100111	00000111101000000111101001
111101101101010011001011010110100000110001100111011100111100	00010111101000001101101111
000010000111010101111101110000010110010111010000011110010100	00010110011100010000011110
011101101100000010110000011101001100010110011111001100100110	00010111001000001101101111
110001111001100011101111010100101101110100110000001010101000	00000011101000110101100011
000010111010111100110101000001111011111000101110110110100010	00000111101000110011101110
000101011000110000010111111100001010100100111000010110110111	00000110111000101111001001
101110100001010000111011001000100101110001111101011111010101	00010011111100010001010011
000000110110011000010111101111010100100001110011100010010010	00000111111000011111101010
000011111111010010100100101110100111001000111000011101010000	00010111111010001101111100
011001011010111111100111111101011011111100101000011111100001	01010111101000111111101100
101011000010011000010011000000110100010101000101011010101101	00000111101100111000000000
110111010000101011110010101000001001001101111100101000101010	00000111101000001101100000
101111010000001101111011100100101001010110100101000100100100	00000111101000010101100101
000010011001111001101100000010011100000101111011000001110000	00000111111000101000001111
110000111110010010101001001101111010110010111001011000100011	00000111101000011111101101
110010100111110111010010110101001100111001111111000000000000	00000111101100011111101101
110010100110011111101101101010100001000001010001000101011011	00000111111000001111101101
101111110100111000011000011011010111111111100100001111110001	00111111110100111111111111
001010010101010100010010001001100001101110001011010110011001	01100111111000000011001011
001101101001010100100001111000010111100111011100100011001010	00001111001000011000011111
000100001000100111001010101011100001010100000000010000011011	00000111101000000110101001
100001011001110110100000000111001110011101000100010011010111	01000111111100001111011011
011111100001110010010001010001111101110110011010101100100100	00010011001000011101100011
011010001010110100110101101000010101111011001010101010011110	10000011111100010011000000
110001110000110101100001111111111010010011100000000100101100	00000111101000011111101111
010101010110111101001011000011010000101011000111100100010110	10000111101000000011101001
011110110111000011011110011110100000110100000000001101110011	00010111111000101110101101
110010100011010101010110111000100100100101010100011011011101	00000110111000010000001010
100011001010011101100110100110111001011010110011000111001110	00000111101000000001101111
011110011100101011010000010111101011110011010010001100111101	00010111101000001111100111
001011010101010110100111110110110110111111100011011101100001	01110111101100101111111111
101101110101000010111010000100011110010100000000010000100111	00000111101000011111111101
001000011110110001001011011001100101111000000111110111011111	00000011111000000111000001
011001111111000011100110110101111111101000111010011010100101	00001111101010100111111101
100010011010100001001110011000111110111001011010101101111100	00010111111100111101100110
110111000101001100110010001010101000000011010110000010011001	00000111111000001111111010
011001001101001001111100001111111010000011101010011110010000	00010111111000010101111111
100011001100001101011110011000111101001001000101110100101011	00000111101000001001000000
011001010100011001100000001010101111011111110001010101110101	01100110011100111110101110
100010101000010001111001001010000001101110110110100000101100	10100111001000001010000111
001111010110010111010001001101110001011101101011011110110010	01010111111000110101001110
110010101011000000100110001011110001100011001111011110110010	00010111111000100010001111
011001011011000100011101100100001011110100101010001001100111	00000111101000111111111001
100001111111010000101100000101101000010100000000100111001000	00000111101000010101101111
001111110010011001110010000100110000110011111100000111111100	00000111111000101101100111
011100101011001000110001101000000001101101001010010100101001	01000111101000011000010000
101011110111001111001010100100101011101101100001000000011110	00000111101000000101111111
101110011000110110111011010111001000000101001000001000110111	00000111101000010111101111
100010110001110010011101011001001101010000110101100001001001	00000111101000000101001011
011111111011100011001010001100100011000100000111111111110000	00010111111000111111100100
011110011011111110011001110101100001001011000111011010101100	00000111101000111111101111
001011010011110110010000011100100011110100111110110110111100	00000100111000111101000111
101001110011100000001101011100010110101011101110000011100011	00000111101000101111111111
001100110111001010001110111000100111010100110010011000001001	00000110101000001000000000
010010011110101110111100111011100011010010011001110001010000	00000101111000000111101111
100011111010010001001000000111111001101110110100000011010011	00100111011000011111101101
000101010101011001001011010100000011011001011011111101000010	00010101101000001101001000
111000111110111010011110011010001010001101001011110101101010	01000111101000111111100100
001010111011011111111011100110000101000111001011000001111110	00000111111000110111111111
011000110111111101111111000000101111001001001100100111001000	00000111101000011000111110
101011110111101000110000111100101001101110110001110101101101	11100100001000100111100111
001110011001101110011011011110100001011000000000110100100110	00000111101000000110001101
010011011100101111000010010111010001001111010011011010100010	01100110001000111111101100
010110010100011111100110011100101101010000010111111101101110	00010101101000110100101111
001000011010100011001100010010000100110000010100100100001001	00000111101000011000101001
100110110010001001010100000010101111011110000110110011001100	11100111101000010101001010
001011011110101001110111011110110000011100100100000101001001	00000111101000010111100111
101010000001100010010110001000101010010010011101000000010011	00000111101000000011000000
010111000010100010010100100111110111010011100110001011110101	00000111111100101011101111
110101001010101110001100101001110001010110011001000101011000	00000111011000000110101001
010000100001000011011001010111101101100011000011000111011000	00000111111000000101100111
100011111111010110111110101001101011010001010100100111101000	00000111101000110111111111
111110001100001101101110110000000010101000100010001010100001	00000111101000111000000000
101011001100010111010111111011110010101111101100100010101010	10100111101000110111101011
101110001110110001101011101101111000010100001011001001000101	00000111101000011111100101
001101100011101010110010111001001011000000100101011011011001	00000111111000010100010010
011100001111100000010101000010011010111001110011101011110000	00000111111000110111111111
111110111001110111010010011101010111110100110110111110001100	00011000101000010110101111
110010011110000001111010110000011110100110101000110011101100	00000111101000101001100000
111100101010111101001001000101111110101100011100000101010010	00000111111000000101101001
101000110011011101011110001000111110111100110001001001111001	00000111111000111001011101
100011000000000000110001101000111001001101101000101011000010	00000111101000001001000000
101010011000010101001010011000100001110001100101010111010111	00000111111000010000000000
110111001100111100011100010101111011000011011011000001111111	00000111111000111111101111
011111010110111111110011010100100111100110110100011001000001	00001110001000010111000100
010011110001011010010001101000001010111000010100111010000000	00000101101000010000100000
101101101011010110001000011100011000010101000101001001101000	00000111101000111101101010
111010010000010100011010110001001100101001010100011110111110	00010111111000101111100011
101111100011101011010010101111000111011011010100001010011001	00000111111100010111111111
111011001001010101100010010000011001111001100010101100001010	00010111101000001001101011
100000001001000000100011110110101011010011110010100111011110	00000111111000001111111111
000010110101110010001001010111101110100010001010001011010010	00000111111000000101101111
110111011101100011000001111010110100010010110110001010010110	00000111111000001101100000
111001100101001010000010101010101111101001111001010101000101	00001111101011010111110000
111010001101111001101100011011100000101100110110011000000010	01000110101000010111101111
001111111001011101100110110000100000100000001111010101011101	00000111111000011000101000
100100101000011100101000101011011011100110111110101011100000	00000111001000100111100101
110111100111011011011001100111100001001100000101011010100001	01000111101000111111100111
101000100000000100110010110101100111001010000000110100110110	10000111101000011110101111
100011010000111101101011010000111111011011001001100101101100	10000111101100101001000000
110011101101100100110100101011010000101001001111001100011111	00010111101000000010111111
110010100101110110000110010001110101010010101010100110001110	00000111101000010110001000
010101011011000011000110111100000000000011111111011101100100	00010111101000111101000001
010010011100111001010110011011011000000100101010101011101110	00000111101000100111101011
011110011000111101011011000101001010010110111110100000010000	00000111001000000100100111
101010001000100011101001010000011010101111001000011110101110	01110111101000100111000000
011111000011111111011010000010100010010111100110101000100011	00000111101000001010010010
101100100010111101111101101110101111110010101011011000010001	00001011101000011111101111
010010010001000001100110110010101100111010001000101110001100	10010111101000011110101101
000011011011110111010101100000111110011101111000000100000000	00000111101100000000011110
001001001111010111100010111010011010100010101101000010101101	00000111101000110101011111
110100011110010001111101111000001110000111011010001001000000	00000111001000001101100000
010101001010010101101111000000100111011010000110001100000010	00010111101000001000000000
010110001010110001010110010010110110010001010100111011011110	00000101111100010110001010
000101101001101000001000111110110111011011010111111101101100	10010101101100110101100111
001001001001100011100000101001100111010001111100001011010111	00000111111100011000110110
110001101000010001100110000110001110100001101110011100011101	00010111101000001111111011
000010011010001111111010110110011000100001001101010100010111	00000111101000000111101111
110111100000111000001110101001001011111111101010011010000011	01100111101000001101101001
001001101011010001000000100011010111010001011000010100000001	00000111101100011100100110
010110110100011111010001010010101101110001110011111010110111	00000001111100100111101111
000101101010001101001010101010100011000110001011011000101101	00000111101000010011100001
101000111010000110100100001001100010000000101001110011100001	00000111101000111100001100
101000110001110111001111101001100001111000110111010100110001	00000111101000010111101001
111101100011000110010001101110111000100001011100010101101110	00000111101000100111101111
011101111111010101000101001011100111000100110000101010010001	00000111111000010101001101
111100111101101100100010100011101011000011100100100001010001	00000111111000010111111111
000100100100011111000010101000001000000101000011100110010011	00000111111000000100000000
000001110001001101001111000110101010101111010110111010010010	11100100011000000111111001
101000010111001110110101001100101101010000101100100100101011	00000111101000000111001010
100100100100010000100111101111110100011011111111101100111001	10010111101100001011101110
000010111010101110010111110001000101000111100110000001001000	00000111101000010111101010
111000011011011001001000000010010100111010101000111101101001	10010111101000111100000011
001100100001001000101101111110010111010001011001111101011111	00010101111100011010111111
000110001101110101100110011101010000011000010111111010000000	00000101101000000111001100
111001111010001110000001111100010000010001001011001001111110	00000111111000100101101011
111110011001000111011111000011001110111101110001010001100110	01000110101100101111111111
101001100111001000110001111111110100011001000011010110011111	00000111111100001111111111
100011111010011110110101010011111011001010001011101100110010	10010111101000001111101110
000001000101001111001110001011010101101101010111000100110001	00000111101000011010001111
111111010000011101100101001110001110010101000100101111101001	00010111101100100111101110
111000010011000101000010110001011110110011110011001110100001	00010111101100111111101111
010110100001111101001111110101011001010011111011011011011100	00000111111000010111101111
111000000011101101010111001110000101001000111011010100101001	00000111101000011111000011
101111100110110010101110011010011010100101110111010001101101	00000110101000111111100110
011010100011011111100111110001101111100011110011010100001001	00001111101000000111111111
011011000110101000001101001101101101101001000100101010100101	00000111101000111011101101
110000101111010000101101100001010001101111110000000100010101	00100111001000000001111111
010111000011100000001010011100011100001101110000011010111100	01000110111000100101100111
001010100000001000011010001100001101110110100000111000111111	00000011101000010010101111
011011110110010001110010001000110000100100001010011100010101	00010111101000011001000000
011011111000001100010011110000011010100100011010011001011000	00000110111000011000100000
110001011100100001000001011000110100101101010011000011011011	00000111111000010000000000
100001111001000011010111111001100011100011110001111101110111	00010101111000111111111111
111011010101110110111010100010000000100000111110000010001111	00000111101000010010010001
101000100000101000000111010011011010111100000001000010010110	00000111111000010111101001
000111100011000110101001101001100010000110011000101110010010	00010111011000001101111101
000110001011001010000110111001001100011010111111010001111110	00000111111000111110101000
011010100001100000100110101100001010010011011000110100101001	00000101101000011010110110
100101011110100011011001010011000100101011011100010110011010	00000111111000011101000011
111111111000010110001101001001100100001110011001001010101001	00100111001000100001001001
111101110101000110010000110011000111101011110110001010100110	00001111101000100111111111
000101100101101101110111111001001110010101111001001000110111	00000111101100001111110000
100101101010111011100010000100111101110001001010010101101101	00000011101100110111100011
100111010011010111010111010110001001000110100110001010100101	00000111101000111111101111
101011010001001010011110110000000101000101110011100110010001	00000111111000010000000000
011110110001011010101010001100110100010101001100111101011000	00010111111100010100100110
010000111101101111111110010111110010100110110100111011011110	00000100011000011111111111
101111011000011000000011110011110101101101101101111100000100	01010111101000000111101000
110010111110111110100100001001100010100010101001110100100001	00000111101000000111101100
001111101011011011010000000001101001100111110000110101111001	00000100011000101101100011
000111000110111111001000111010110100001011011100000010111101	00000111111000101100100001
011010100000011111100101010100000000001100100101010001010011	01000111111000010010101100
100100001101110111111000010010000001000111101001100011001100	00000111101000001011111001
101100010110001100001111011110001000000101010011011100100001	00010110101000001111000010
110001111000100001110110101011100010001110111110111110000001	11110100001000010010101111
101111011000110100000100001101110111000000100001001001101101	00000111101000100111001111
011011101101000001101110100001010001010000010101111010001001	00000101101000000010101101
101100000110011101101001001110100101110010100001100011110000	00000011111000101101000101
101111011100111001001101000010011001011111101110111111111110	11110111111000110111100010
110000100101111011101111010011111011011101111000110001001100	01000100101000001111111111
111110111001010100111000110100110111001010101111001110001111	00010111101010011110111111
010101110111001101101111010111011010011100110110110101011110	01000100111000001111111111
010001001110100101001110100111001011001111111111101111100100	10110111001000111001101011
010101010111000111100111110100010011000110010110000000011010	00000111001000001101011110
111001111111001011011000110000110010111001011111110010101000	00000101101000111100110111
011100011011100110111001101111110000101100100110011100011001	01010111101000010111111111
110111100110010011000111101001000011011111001100010110001011	01100111101000010110101000
101110111100101000110001111111010001001101100101001001110111	00000111111000111111101111
011010000001100110111111001010101100000100011100100001110000	00000111111000101111111000
100110111111001001000101011110001010110100111000001111000101	00010111101000011111101101
110010010010010111101000100110001110000001000011000011000101	00000111101000001111100101
001100100111110100000011001000111100100111110100111100100111	00010100001000000100001011
001110010001100001000000001111100010011001011111111011110110	00000101111000111110001111
111010001110001000111100111100011010100000101011000000100111	00000111101000000011101101
100100100110000000000011000110110011011010101100011011010001	00000111111000001011100000
001010111000000111010001100001000101100101001000111011010101	00000111111000011001100010
101011110111100001011000110100001011110001101010111001111110	00000111111000101101111111
110101101011011100110111010000110110111001101011110000111001	00000111101100000111111111
101010110010011000001111110001001111110111101010100010110010	00001011111100100111001010
100101010000100110000011110100110110011111011101101110000010	10110111001100010101001000
111100001110000001000100000010100110111101001110011000010000	01000111101100010000101000
100000110001110111110000000110101111101000110100111100111101	00011101101000010111111111
101110101001111100101011010001101111101001111110101000010011	00001111101010001111011111
011111111010011010010001111001000101101100011001010101110001	01000110111000101101100010
010100100001110110110100101000100110001001111011101110011011	00010111111000001000011110
000100101000110100111010011111000111001111101000001001010110	00100111111010000110101111
010011110100101011101100100011101011001110110001111101110001	11110100011000111111101101
000010110000110110001011100101101100101010100100010101101101	00000111101000110111100111
011010100010101101100011111100110001110001011111010010110010	00000111111000110010101100
111100000000100010100110010011111010011110101001100111011000	10100111111000010111101101
110011100101111101101000100001101001000100001101110101100001	00000111101000100011101101
010100010011001011111110001111010001111110101011000111100110	00100111101000100110111111
111011010011011010000110001001010111111110011000110101001011	11101100000000001010001101
011011000011101011010001000110000110000000111010011010100001	00000111101000110111000110
110111011110111000110000000001000100001101011110001010010001	00000111111000001000000110
111001000000011111101110100100000001011100100000100110000100	00000111101000001001000001
010001110100110101111100000010001001000011001101100101101111	00000111101000101011101111
010100010111011110011001100110101100011111100100001000101111	00100111101100011111101111
101010101110011100111000100111101001111010100001101110111001	10010111111000101111100111
111100100000001101110110000000110010001101010100100011110101	00000111111000110000100000
101001101110101111011110000000110110101111110110001011100110	00100111001000111111000011
011011100000110110110010010101111001001111000000101100110001	10110111101000010111100110
101111001011110011010100011001110101001010100101101001101101	10000111101000100100001010
110111101111000010000010110100011000110011000011000011101000	00000111101000100101100111
101100100110011010111000010101110000100011000000110001000111	00000111101000001111101111
000010110100110011100010001011101100100100010100101111111111	00010111111000110010000100
100111110101010100111101001100111011001010011111010111010011	00000111111000001111111100
000111100100100011100101100000011111010010110100000111000010	00000111101000001100000000
100110011000000100010000010111110101100111101000101011110011	00000111111000100110001110
111110110110100100110011110100101100000100011001010101010110	00000110111000001101101101
001110011111101100001001011101111000001101011110100111101110	00000111101000111111101111
111100000011101111000111100110100100101001000111111111100110	00010111101000110111101101
001111010100011010110111101011100011100100101010010010011100	00000111111000010111101111
100110100101000100010111001010011001110111011100010111000101	00000110001000000111001111
100100100011010001100101100010101001100010001000110001100001	00000111101000110111101101
010001011101101100101110101000111011101010110000110000101101	10000101101000011010111101
010111101110001111111101000010011111000000001110011111110100	00010111111000100101101111
001110001101100101100000001110011001101101011010110111011101	01000100111000011110001111
111010011011110111010001001010110100011111010010010111101010	01100110001100111110111111
001000011010101110111011111010000011001011110010101000000001	10000111101000000110101111
100001011011010110101000110011011001101000111000011011100000	00000111101000100111101111
100111011110100101001010001101100101101100111101001010100110	00000111101000110111001101
111101001101011011001101011110101011101011011001111101100111	10010101101000100111111001
110011010101110110101011111111000000001011010010010111100000	00000111101000110111111111
001111110100100010000011110100001101001001001001001000111110	00000111101000011101101111
101001111001000110101011111101110001001100011110011010100001	01000110101000111111101101
010010001100001010010001111111011100100000000100111110011001	00010111111000000111100110
100011010110000000011100000001000110111101011001111101001000	01010100101100010010101111
011101111000111011100110000011011110000111001001001011011011	00000111111000011110101100
111100100101001000001010111010101111100011101010100101111101	00001111111000110101110001
101111111100101001111110111111101010010000000101100010010010	00000111111000001111111111
000010011110001100111010010011011011110011111001000000000100	00000111101000010110100111
001100011000010111101011000101100000100111011101110110010011	00000100011000000111001101
010000011010110001111011001010101010011100110110100110111111	00000111111000110011101111
110010101110101100110111011001011000110011100000010100101101	00000111101000010111101110
000101010000110111000010100011010100000111110001000011010110	00000111011000000010100000
000010111100111110100000010100000011001100110001110110100001	01000100101000111110100100
010001000011100100001010100000110011001010000111110101101100	10000111101000101010001100
011001010110111010000111101011100000111100001101110101100010	01000111101000110111101001
001111110011010001001110010000100010111111011010100110111101	10100111011000110000010001
110100000110011111010000111100000010100111100010111100010000	00010111101000001000000000
100110100101110011001101010011110110101010100011000101010000	00000111111000001101001111
011011010111111000111110111001010000000110010101011111011101	00010110011000011111111111
001000101100100011100001011111101100001101110101001101110001	00010111111000101111100100
111000001111101110101001100011010011011110010110000101010111	00100111011000001111111111
000001100001100101111011001010111011000011110010010101010000	00000111111000000011011110
000011100111110100101100101110011111100111110101011100100101	00011110001000000011111111
101101100111011010011011100100100101000111001011111011010100	00000111111000010001100011
101001001100010100110011100111110010011011110100110101110010	10000101111000100111101110
110100100001001110000100000100011100000110011100000010110000	00000111011000111101101000
011101000101111111010110100100010101110111111110011111011000	00010010011100011001001011
000011111000010100101010100011000101100001000110000111000101	00000111101000000010100101
110101110111101001101100100000000000010000001100111110010101	00010111111000011000000000
000100010110111101000110001110010101110110011001101010001101	00000011001000000110001011
011000001010000101000101101100011101100011010010010111010101	00000111111000000010100001
110010010001101010110010101100100000110011111000000010011001	00000111111000011110110110
010011111001000010100111111111011001100001011100000100110011	00000111101000001111111111
001011101000101100100111010011110010011101010111100010010011	00000111111000011111101101
100110011011100100010011100110101110001000000000010010000001	00000111101000000111101110
010010011100011001000100010010100001101110001100111100000110	11110111101000011101101000
111111110010000000010000110000001000110000011000101000111101	00000111101000011101100000
001010111010111100010100111110010001000000100001010011011011	00000111111000011111101111
110001100011010010011100100001110110101111101010110001011000	11100111111000000011111111
010001110110101011010010110111110011111111111111011010010000	01100110011000011111101010
011011010010101000010011100101111101001100101110100100011111	00000111101000010111101111
010010010011010001010101100111101010100110101000111010100001	00000111101000110111101111
000000100101001100001110110110111010011011000110001101101010	00010111101000100111111110
011011111100111011000000111011110100010110111100101001100110	00000111001000110101100000
111000100110011100110010010100001011011100010101000011010101	00000111111000011011100001
110101001000011000110100000010001001010000110101110011101110	00000101101000111101101110
110000000010100010011110010111111110001111010111111111011111	11110100011000011111101011
011101001010100001001100101011110011001001100000111111001100	00010111101000010110101001
100110001001010110100100101100110001100001100111101101111001	00010111111000110111011111
011001010101011011011011000010111110100000100101001100000001	00010111101000001111110101
000000011011011011001010000011010001100100110110110100110100	00000100101000000111100011
111101011000000110100011101010000011010100111010001110111101	00010111111000101000001100
100100111011100011011011010000001110100100100110011101001010	00010111101000001101010000
010111110001000000101010110101010010100110001100000111111011	00000111111000101111111111
010110001001110011011000000101110010110101110110110110100001	00000100101000100111010111
100100100100010111011100111001101101011001011111011000100001	00000111101100011101101011
011100011010101101010001100110111101101100110001010010000101	01000110101000011111100011
110110000011010111000001000001011000101011101000001001001011	00000111101000001101101011
010110001001100001010111100111000000110011110111011010100010	00000111101000101001101111
011111111000101110001111011110111000010111100101011101101000	00010111101000110111100110
101011010010100101101111011001111011000100001000110110001000	00000111101000001111001101
110110001000001011010110110111010010011110100100110100110000	11100111101000011111101110
100011000101010000110010000000010000001000001111111111010000	00010111111000000001000000
110111101011110000000001001101011101111001011110110010100001	00000001101100110111100111
111001011101001010100001000101100011010011100001111000111101	00000111101000011111110111
011110110000010001000000011001100011010011111111001100010011	00010111101000000101000000
000000101111111101100110111000110100011011111000110011000100	10000101101100011111101010
110011011011111101111110000001001101000000111001010010010010	00000111111000011011110111
011111010101100000101110011111001110001110011011011011110010	01100110011000101111111101
000010011010011110100110011100100101111001100111100110001000	00000011101100001100011110
101101010111110101100010010101100001010110001001011011011001	00000111111000000111001110
111111101100000101110111111111100001110110111100100010100111	00000111001000111111101111
011010110010001101111111011111011110010110101110000010010011	00000111111000010111101111
100000001001110110110101010001101110011011000101111110111001	10010111111100111101011110
101010011101111111101001101101001111100110111011111111101110	00011100001001100101111111
001100011010101110000110111001001100110011010011111101101111	00010101101100111100001000
110110111001110010001010000011011101001100101111010101100011	01000111101000110111100001
001110010110101001101101001100100101010000010010010011011110	00000111111000000100001111
010100111100010100001011100011101000011100010111010000001101	01000110101000011111101001
001011101001011010011101010000001010010111011101100001101000	00000111001000101000010000
111110011111110100101101011111011010010100001010011111110111	00010111111000111111111111
001101011001000101101100001000001010011011100000000111111111	00000111111000110100010000
110001110010101101100110110101001000000010111010111001110101	00000101111000101111101101
000000100110100100011000010000100010010010110010111101011110	00010101111000000000000000
100101110001111010010000101010100011101000101111001111011101	00010111111000001100101111
110000010010010111000101110010101000010010100110110001110100	00000111111000110111101000
010011111001111011010101010100011001010001111111111101101100	00010101101000100111100111
101100101011101011001110011011001101101011010110010110001110	00000111101000001111101110
110100111011111011101001111100111000111001011011010000011001	00000111101000000111110011
000110011001100011001011011110011011101001000100110101100100	00000111101000111111111111
001111110111001000000111100000010111011101000100011001010000	01000111111100011000000110
011110001010101100101110101000011011011111011010000011110001	00100111011000110110100000
010010100011111100110001011110101100000000010101001100000000	00010111101000001101101110
100101110101000010000010000000000110110000100011111010010101	00000111111000000000000000
011010100100101101001100011000011101101100000111010110110101	01000111111000101000100000
111011010101001000100111000111100111000001011011011010001110	00000111101000001111011111
011001001001000001000000111111110101111101010110011110011011	01010010111100011111101111
110011000101110110011011011110110100101100000000110010110110	01000111111000101111001101
110100100110011000100110101010111010001110001001101110101111	10110111101000110101100101
110110110001101000110110100101101011001101011000100111110011	00000111111000101111111110
000101001111100111011010010000100001010001010100101000101010	00000111101000001110000010
110111111101011111111110100101110001111001000101110100001100	00000111101000011111111111
010010001110011111111001110101111000110011100001000110010000	00000111111000011101100111
100011011000101010011000101010011010101100011000101000110100	00000111101000000111100011
110111111000111101010101111001100011101100010000110001010000	01000100111000000111101010
000000001011000011001010000010011111001110011000101010100001	10100111001000110010000101
101001010000001100101001001000110000110011011011010011111100	00000111111000100000100000
000100101001001001110001010100100001100000001110011110101101	00010111101000110010100011
110011110010111010000001010011100100001100101010100110100001	00000111101000110101000000
101111010101011100101010000100011100011110010111100001011110	10100111011000000101001111
110000000110101100011101010010111011100010001111010110011110	00000111111000010111101011
000111101111110101110010111110000010111001011001010111100010	00000111101000101101111110
100111001010001111011010010101000111101100101101011011010011	01001111111010010111001111
010110001001011100110000011110010101101010000010010000110011	00000111101000010110001111
011001001100100100010111111110111000011010011000010011001101	00000111101000000011100011
001001000100101001000111011000000110101011110001100100101000	10000111101000010000000000
011011011000001110000101100100110000001100100110000010111000	00000111111000101101100110
000010010110001010111100001010101111101111000101100010000110	10101111101000010000111011
011100000100011100100010100110010000101000001001110010100111	00000111101000100111101101
011000100100110110001001000011101101010110111001110000110000	00000100001000001101100001
100001101010111110001110111110111101100101111111100100100110	00000111101000000111101001
110000100011110100110111001010011111001011110010001001111011	00000111111000110011111111
000111000100000111001111110111111101111110010000101110011110	10110111010000011111101111
010001100111001110011011010100010111001000110100000000011101	00000111101000010011101111
110100011001010010000101100110001010010000010101011010001111	00000111101000001111101111
111001001010110111111001111111111100111110100100111000101101	11100111101000001111100111
111100000010111101100010101001010011110000100011011011001011	00000111101000000011100100
111000011010001111010111110011011100111001110001011000000000	00000111101100010111101011
010010010110011011110100111010010101011101001110110100011011	01000111101100001100101110
101110010100011101010100110101010111110101011011001001001110	00001011101100011100111111
011100010011010000110101100000000100011100101111110101110100	01000111111000111000000000
010000010101100110010001010011011010011010011011011110101100	00010111101000100111101110
000000100001100111001000001000011100111111111101110100101001	11100100001100010111111111
100110001110101101000101110001111011010010001000100100010111	00000111101000001111101000
101011101010100010111000010100110100100101001000000001100001	00000111101000110011100100
111101101110001111011110011101111110001010110000110011101100	10000101101000111111101011
000010101001011001000110101111110100001101010010011110001111	01010110101000000010101111
011010001000011001001011100101011010100011110011101110101100	00010111101000110011100111
100101010110001101011111001000111100001110101110010101111000	01100111111000111101000000
110111000100110010000011000011001010101110011110111110010110	11110100011000001111101000
001001001011101001000011001001011000011011011111011000001110	00000111101000001011100010
011111001110101110111011011100101000100011001011001000101011	00000111101000010111101110
010100110111100100110110011010111000000101101110010001111100	00000111111000101110111011
110100111110011010101010001001000010000011101101010001101001	00000111101000111111100101
000000000000101010111011110010010010001100110001010110010110	01000110111000001110101111
011100100011000011110001000011010110001010110010110101100111	10000101101000111101010110
100111011100000010100110101000011000011001111000111110000010	00010101101000010101000000
001001101101010111000110000000000111101111001000010000000100	01101111101000011000010000
000010110100011100101100111100101100010011101001101000100011	00000111101100011110111101
001010000111111101101010111001011000111010110100011001001011	00000111101000011111101101
001110101110011101001100000111111111010101010011100110110001	00000111111100111110101101
111000111100100000000111011010011101011110110101110110000011	11100100001000000011101000
011100011010101010110111111000010110010011000101100000110110	00000111101100010000000000
110011010110111001000100111000010110010000111100001001111001	00000111111000101000000000
000000111010000110011100001000001000111111110011010000000010	01100110001000010000000000
110000111011011010011110100101100001111001011110100000101011	00000111101000011111101011
010111111111110011101110111100110011001111011110000000010001	00100111001000010111110110
101111110001000110001100110100111100010111110111011110111111	00010110011100110111101111
011000010111110000010100110110011000001010001110001011100110	00000111101000111111101011
000010100000100101001011001010001011000110100101101101011011	00010111111000000001001001
001010110001010100110111011110100010000001111100111001100010	00000101101000111101111111
010011101100010101011111111110111011110110111001110001010010	00000100011000011101101100
101111101111001111101000111110101100110110101001010011100111	00000111101000100111101111
111111011001101101111111010110011001000101111010011101111111	00010110111000111111111111
000000011010101110111011100110000111100010011101111101100111	00011101101000100111101111
001010111101001000101101110111001000011011000010001110000110	00010111101000001111101111
100111100000111011010111010010111110011101111100000100101100	00000111101100001111001010
001001110110000001000101110000011001011101011110111101100110	01010100101000111000000000
100010110101110101011100101011001110010100000110010110001010	00000111101000010001110111
000001000001011011001111110010001111011011100001000001111101	00000111111100100111110001
100111110011001000000111100100011000110100000111011111010000	00010111111000000101100101
100111000110011011110100000111011000001101000101011100110101	01010111101000010111101111
010011110000100011001000011011010101111110110100000010100011	00100111000000111100000001
110000100101000010011100111011000010010111011011011111010001	00010110011000011001111101
000100101010000010010001010010011110110001100001100011110000	00000111111100111111101010
110110110110000110000111010010101010101111101000000101100100	00100111101000111111101000
100011000001101100001010001000011000011111011010111110000110	11110100001000011011101010
011110010001110110011010010101101010111011111010111101101000	10010101101000100111111111
010001011111001011100000001111111001110001000011001101110110	00010111111000111101101111
110100010101000101110101110101001010000001100100101001100101	00000111101000101111110001
011100010110100001111001000001100000111110110110010010001110	01100110001000001011000111
001101001100111011101001010101111010101100000001001110110000	00010111111000111111100101
001000011000101000000100011011001000111101111100000110000100	00000111101000011111101000
010010000101011101001101100100101011000001111101111111001001	00010101101000011011111110
011011011000000111110010000000001110000111110111011001111010	00000110011000111000100000
110101101110000111001101001110101001111101000010011111010101	01010111111000011111101001
010000100000110001001011000101000101100000100010010000101001	00000111101000011011100011
001101011100011111100110000010010010001001101010001100100010	00010111101000010101100101
001011101110011001101000011010001001000110000000001111101100	00010111101000111010000101
101010100111110000100111001110000101010001011001110111001110	00000101101100000111101111
110001010001100111000101001001111101110001001100110111111011	00000011111100111111101011
011111101100111100000011101001001000100000011100000011010001	00000111111000011100100000
111111110110111001111110000000001011010011111000101111000010	00010111101000000101110000
000010111011001100010100001001010010010000101010011010111111	00000111111000101000101110
100001100001011010010100100100111010010111010110000111011011	00000111011000011111111110
000010011111111010010000111001110001010011011101100000001111	00000111101000001111100010
100100100010011110000010010000100100001101101001010101011010	01000111111000000000000000
010010100011010110011011001000101001010000011111100101010000	00000111111000001001100000
001101000111011011101000010011111000001010101100100010010111	10000111111000000111100101
000000001010000010100100101011101100110001000011011100111000	00010111101100010100101100
010111100010010011010001001010010001010110010010011011100011	00000110001000111111000010
010000010111111010100000101110110111010110100110011000011000	00000111101000000100110110
100000110010110100101010111001110001001111111100011111111111	01110110011000110111100101
111101111101000110011100010001101010011010111001111111100000	10010101101000111101111111
000000000011100100111110010010001110110101100111100101110010	00000111111100100100011111
010001111110110000111000101011011010011111100111001101110100	00110111111000110011100111
100010011111110001000001011001111111011110101000101111010001	10110111111010010101000100
110110011000001010000100100110111111110100101110010011100110	00001011101000100101101101
000100101000101011010101110000110100111110111111011000110110	01100110001000001000000000
010011101001010001011100111001011010010000111100100000100101	00000111101000010101101111
100000101101110011010110000001100110010011000011000100001011	00000111101100000010011110
001011110010000011011010000001010100110010001011001101100010	00010111101000111010000011
011101010010100110000111001110111101101001001110110101100100	00000111101000100111101001
111100110111110010000110111001001001100101010101010011110001	00000110111000110101101011
000010001011001100111101100101011111001010001101111110100000	10010111101000100001111111
011001010001010101100110000100101000000110000010001010111101	00000111111000111111101011
111011110001111100100101000011011110001011100001111000111110	10000111101000001101111111
101010001000110111010100111011001111010100010100111010011010	00000100111000011101101010
111100110101011111011111001001000000011111110001110111010011	11100100011000011110100001
000010001100110100000011100011000100111111001101010111101000	01100111101100110010101000
010011011110100000111101101110110000001000001110011000100001	00000111101000000111101111
101010000000101011110100111111111001101110100110010000111010	01100111101000000111101110
100000000010011100011101010100110111000110001000100111000100	00000111101000001000000001
000101111011001101100101011101100111010110001010000010001000	00000111101000001101111110
010100011100111111010110010111111101001011001101110111001011	10000111101000001110101010
000000010010010111110001100010101100000111110010000000111111	00000111001000000001100110
111101000011011111010100101010011111101100011011000001111111	00001111111000100101111101
011000000100111001101111001011100010101010111110101110111100	10010111111000111111101111
100000110101111011001001010101011010011001010111111111101111	00010101101000110111101111
101101010010001101011000000101000111000011111001111000110011	00000101101001010111001011
001110111111001011011101001101000100101111110110000000101011	00100111001000000111101110
001100100001000001101100000111000111111111111001000011001011	00101111000111001111111111
011101110101100100101010000101111101010101011001011101111001	00010110111100100111101111
010101000001011000101000011011011100001111100100100100010011	10100111101000010100100111
001011100001110011001011010001111101111010001001110011001010	10000011101000000111000001
001001100110101001101100011101010111101100110100100101001100	00001111101000000101101111
101001101111111100110110111100001000111001010011001101000100	00010111101000000001110001
101100111000101101100000100111110011110011011000101100000111	00010111101000000111101101
011101000010111011101100101010100000001110101000110101101100	11100111101000101000100110
001101100000100100100111011001000011100010111011111111110101	00010101111000100101001100
011111101010001001001001011100100010001101100110001000010110	00000111101000000001101101
101111001101011111000110110011010001001011000111000001101111	00000111101000111111101011
001010110101110101000000100011111000110111001101011110100100	00010111101000100111101011
111010010100011011010000101110010111001110000000100101001000	10100111101000010100100110
111111010101110000010110001100100011000110011010110110110010	00000100011000101111001100
010001100100000101001101001001100111111000111111111100111001	00011001101011011001001001
111101000101111100100001000101111011001010010001010000011010	00000111101000001111111110
011011101010001000110001111101110111101001001101101000011110	00001111101000010111111111
011010011010011101101001100101011110110010011010010101011101	00000111111000000111100111
101010110001011000010100111101000011011000110110110000001100	00000101101000001101101111
000011100110001110101000110100111110000111101010111100010100	00010111101000011001100101
000001100000011011101011101010001100100011111110110001100111	00000101101000110011100101
111010000101010101111010101101001100001000110010011111000010	00010111101000001011101111
011110111100100011011111100100100011000100000000111010100110	00000111101000101110101101
010101111100010001100001100111110001011111001101011110000011	01110111101000010111101100
001110010110011001010100111111110100100001110100100110111110	00000111111000100101101111
111011010101100101110110111011111101101000000000100010110101	00000111111000110111111111
011011010110111100011101100101110111111101001011010100000100	01001011101100010111101111
110100001010000101010011111011111010001001110101100011010110	00000111111000000111100010
111000000110111101010101111100010001011101010001110101110001	01000100111000111011100000
001010010000001000001101001010100011100000111111011100101110	00010111101000000101101001
111011000010110001110110100010110000101110111100101000011000	10100111001000011111100111
101100000001111111110101001110001111101111100101000000101110	00101111101000011101011111
001100111100101110111001011000100111100000111010111000000100	00001101101000011000000000
110000111010100011111011111011000000011011000001000001010011	00000111111000000011101111
001111011000111011111000010001011001011111110101001111101100	00110111001000110111100111
010000101001001110011000010100100000001111111111101010000100	10100111001000011100100011
010101100000010011000001000011011100000010011101101110110101	00010111111000101101100000
000011011101011000011111100101010000011010000100101110110011	10010111111000101111101111
011110001110000001111000111000010010100110000110111001010101	00000111111000011000000000
011000101100011111110111101011010111001011000110000010111010	00000111111000110111101110
110011110011011100000100111101101001110110010100000001101001	00000111001000100111101111
100101010110000001001100011110101110000100010110100011001000	00000111101000011101001011
010110100010111100101110101111011111110010010110111010111000	00001001111000110110101111
111100011001111010111100000000001111000101000001001010010100	00000111111000010101110000
110110111110110010100101001000111011101101100001101110011010	00010111111000011111100000
101000111110110110010111111100001101111001100001011100001111	00010011101100010111111011
111100000000011010100100010000100111110111011111010010011110	00001010011100011100010100
000010000110100001010100001101111100100011000000111010011111	00000111111000000010001111
100000011101110011011110110101111100111000000001111111010111	00010111111000001111101011
110011001111101111011100101101000101010000010100110000001011	00000101101000010011101111
001011000001111000111001000111100000111110011010101100001010	10110111001000010111111111
111010000100000110111001000100110100101110111110000110001111	00100111001000011010001111
000111000000000010010101001101100001110100011101010010011010	00000110111000010101001110
010110010100001110000101000010000110110101101001101010000001	00000111101100011101100010
000111111010011010110101000101110000100100010111001011010111	00000111111000000111101111
001101110000111110110111101100001110000000111110000010111110	00000111111000101101101011
010010110000010111111010000101101111000011100010100101000010	00000111101000010110101111
110101000000011010001010100100000011000011011111100010100011	00000111101000111011001000
100111011111000100001111100010011011111000100110111110100000	00010111101000110111101111
101101011001010111000110101000001011101010110001010000011000	00000111101000000101000000
110011110111110111101011101111101100000101111000101101001111	00010111101000011111101111
010010100011010000100101101000010110000101110001100010010000	00000111111000001000010110
111100011100010001100000110000100011101000001011111010011010	00000111111000010000000000
101010101000111110010100100100101110010110111000000110000110	00000111001000001001101101
010010100111000000110100010000110111110001110101111100010110	00011001101100011001010111
111011101111011011111100000001010010111100110100100101011111	00000111111000011101111111
010001101110001001010111100000000001000001100110001101110111	00010111111000100000000000
010100001011010010010000010010111101101001010100100000110001	00000111101000010100100111
111110100100000010100000100001101111110111110101000000110011	00001011001100001101101101
101000111011110010110111011110101001000011110111101000010001	00000111101000011111110011
100001000101010010011100010100101111101001000111010110000111	00001111101000011011011011
010111010010111001010000111001010110000000100001100000111110	00000111101000000100100010
010000111010110110000110111100011101111110110000101111001001	10110111000000001110100010
011011101110011110100100110001110110111000010110001001000001	00000111101000001100101100
101010111011110010001111101000100101000101100011011011011101	00000111111000010000000000
001111011110100100010100011100101111011111111100101100000110	10110111001110011101001101
110100010111110000111101011010101110100110110000100111000001	00000111001000000101111101
100101101101000111000011101011010010001101001111100011111111	00000111111000101111101110
100011011001000010101101000101111001000011000011110010100011	00000111101000110111001111
110110101101001110100001110001100011010101000111111101100110	00010111101000111101111110
111101111110011111110110001101101101100010010000001111001010	00010111101000000111101110
010100011001111000011110001001101101010001101001011101111110	00010111111100111110111111
110001101101111111011001000111100001001101001011011100111110	01010111101000010111101111
110101000000111001111001100011100111001011010010011010000110	00000111101000011001100111
000010111100011100000100010001110111100000111110101110110001	00011111111000111100001000
000100000001010110111010000111101110011101011010001111100000	00010111101100100110011111
110111001100011000100111101101100101101101010111001100010001	00010111101000001011101100
111010010101101111110000101110101001011010000000010101110110	00000111111000101111101111
000111100001101001010011110000011100111111101011111000011110	11100111101100011110110111
000001001011001111110110001001010111010110010100001001110111	00000111011000101010011110
110101100000110010101110001110100101111000101001001100000000	00010011101000001011101101
100001110001100110000110101101101101111010010000110110101000	10000001101000100111101011
100011000111111110010100110111000001001010101001111101111000	10010111111000101011101111
011100111010111010000110100001001011101000010010111110010010	00010101111000011101101000
110100101101010101001011000011100000011010100110000100001100	00000111101000010011001011
110111000000001001000010111001110101001100100110100110101000	00000111101000100110100000
010011110011000101001001011110011111110010100100100011011100	00001011111000000101101111
101101001110010010010000010101010000011000001000001001110011	00000111111000101111001010
010100111011000111110000110100101010101000011111101111110110	00010111111000100100111101
110111001111011010001011010110001110000001111010100010010101	00000111111000001111100111
000000000001000111110100111011111110001111010010100110100010	10100111001000110100111111
100001100010100111000000100101110010001100001100000101111100	00000111111000111111100011
110011010100100111111010110000111001100000110100010011011110	00000111111000001111100000
110111010011110010100101010110011101011000001010100011110110	00000111111000110101101101
000111001101011011000000100100101011111111010001001111001100	00110111001000010101100111
001110010110011100111000001000111010111000110100001001001101	00000111101000001101100000
101011110001000010011101110010111000010101100110011011010100	00000111111000000111001111
001010000100000000110110011111110101001100001011111010001011	01000111101000001110101110
011000100001010111110101111111111000000001011101010000010100	00000111101000001111111111
101000110000011110111111100010111001010011100011110000101110	00000111101000011101110000
001100011110101001011000110111010000111000110110111101111010	00010101111000101111101011
111000101111101111111111110001011101111000011001101111101110	00010011101000111111111111
011001011000000010101101110101010100011000000111001011001011	00000111101000000111101111
110100011101000110001001110010110010111010001001100110011111	10000111111000011110001111
011010000101000011001110101010001110001111011100111101100000	11110100001000110110101111
010010000101100000111101001100111000000010000110010111000110	00000111101000011010101101
010001000110011100100101100101101011110000101000110000111010	00000111101000011001101110
101001101010011000101110101001001101000010001011110010001010	00000111101000000011101101
000101110100101011001010111101111110001001010101111000110001	00000101101000010111100001
111010011011110101100101111011100101101110100000010001011011	01100111111000000111101111
111000010100011110001001111001001100010110111011111000001111	00000100001000000101100001
000010001001100011101101100110110001011111010111000001000111	00100111001000001111101111
110011100001001101110101011110001011010111110111001011011000	00000111011000010101110111
101110010110011101111110000001111111000010010100001100001101	00010111101000000111001111
001010101010000001110110001001011011101100000000110111111010	01000111111000111010001110
100100011100111011111101011101001101000011011001010001110111	00000111111000100111001111
011000110000110111010111000001000101001111101110011001100001	01100111101000110011001010
011001011110000001101110010100110010000101110001101101010010	00010111111000000101001000
011011111111110010011101110000111111000000011010000101110000	00000111111000101000100100
001000010000110111001101101000111011001110110111000100101100	00100111001000011111000000
011100010111110111111111110010100000111011101000010010110101	00000111111000111111011011
011101010000110101100001011100111110011101000011001011001010	00000111101100000101101010
101101001110000110110101101110011100110001110000101100101011	00010111101100011111001111
100011011110101011110100101110010001011100101110110111111100	01000111111000110111101111
111010110011101000111110111101110000110000101101100010110111	00000111111000100110111111
001011100010100000010001011000111011010001001010100110111110	00000111111000100010000000
100111101001111101110000110101110010110101011101100110000010	00000111101000000111111111
010111100010100011100110100101001011110010010011111100011110	00010101101000000101101111
010101101010111011001110010111011010100100010101001000101101	00000111101000010111101011
110101000001100111101101000001100000110101101110010101110001	00000111111000100111011111
101001101111110010110010011101111001001010111111001100101010	00010111101000010111101110
111110100011011010011111111001111100110111011110100101001010	00000111001100000111101011
000100101001101011111101010110011110111011111110011001101001	00000111101100100111111111
010101110001001101100110111111100001111110010111001110000010	00110111001000000111101111
101010100100001111100011100110100110100111001110011100000011	00010111101000001111101110
100100001111101011010100010010100001000101100110100000100100	00000111101000000111001110
110111101011111000011010011110110010001100001011010010001001	01000111101000001111101111
110110101110000011100011100000111011010001011011000101010001	00000111111000011101100000
110111010000111101101110100101101110000001000110011100011011	00010111101000011111101111
100110001110011110101000111101110010000111111111000101111011	00000111011000100111101111
111100110000110011011110110100111100011110110000001100010111	00110111001000010111101001
011101101111010111100010000010110011000011111011010001110000	00000111111000111111111110
100111110011011000011100000100100010011011010010011000000000	00000111101000001101110110
101001011010010100101011110011111100000010111111100011111110	00000111111000110111101101
100111001011100101111011010010111100111001001100011111111111	00010111111100110111011011
110010110011001011111110011010000011100101001000111011011001	00000111111000011011011110
101001011110010110010101110101001101100110010110011001111100	00000110011000110101101011
111000100010000110011010101011011101001000001100010100111010	00000111101000001111100011
010110010101001001010100111011101101101010111010011011010111	00000111111000010100101011
001001100100111000101111100001010111011101111001110010011000	01000100111111001111111111
100000110100010100101111101011011110100001000000000101000111	00000111101000000011111111
110110101010100101111110101110000010011010001111101000100000	10000111101000011000110100
010100110100010101000111010000110111001100011000000101000111	00000111101000001000000000
001110010000000101101101110111100111011010001011111101011000	10010111111000000111101111
111110100011010011111011110100000100110001101111000001001110	00000111101100011000111111
100010000011110101010001110101101100110001010000110101110100	00000101111100100101101111
110110010101001110101111101100000100001000000111111111000001	00010111101000010110000100
000110011000111001010001101011001010110100010001010111000000	00000110101000000111001010
001000001010111100100100001000001001011101011010101101001100	00010111101000001000000000
010110100111101111101011011010101001111111100101000001011101	00100111111000001110110001
010111011101010010110111101100111010000001110101001111101000	00010111101000110101110110
010010111000110101011111110100100101100101000100100010001101	00000111101000001110100111
010001010000011001110100001101100000000011001110101000111011	00000111101000010111101110
110011001000001001100010111011110000011010001001010111101010	00000111101000101111100100
111010010110101100000101101100001100001011110000010111011110	00000111111000001101101111
100010100101011001111100101000000010100100001111001011010011	00000111111000001000010000
101110101001100001001110111110000100101101000101110101101011	01000111101000110011101110
101010000000111011101101001001101110001110001010111001101000	11100111101000111001001101
111000111100001100001011110101110100000100000100111000000001	00000111101000010111100001
111100010101011100100011110101100000101111011001011011010110	01100110011000000111111111
111010111010001000100010001110101001011100000000101101001011	00010111101000011111101110
001111100010110110100111111010001001010010001101010011111111	00000111111000111111000101
001110000011100111000111001010010111110110000101110010001100	00001011101000010111001111
010110010101110011001011111001100000010101000011000100110011	00000111101000001111100011
111000011110111101011110010111110000011101100101011001110011	01000111111000100111101111
001100100111011011110011001001101101111001011011011101110000	00010011111100110111010111
010111011001110001000101001111100011111100000011010001110011	01000111111000111111001111
001010110000000101110010010100100010010010111011000110111110	00000111111000110100101111
001111111100101000011101101100001110101111001001010100010111	01100111101000001111101101
101000011100111101000011000011011100000001111100110011110100	00000101111000101111000000
010001101100010100010111110101000000100100001110100100000011	00000111101000001111101010
110100101101100011010000110111001100100111000000111000010011	00000111101000010111101101
111101001111011010101111010111101100011011110010011001100001	00000111101100111111111111
011100111101101000110111000000111001100111011010101111001110	00010111001000010110110011
101111110011100110011010100001011011101000000101011001001010	00000111101000000111111111
011100110011011100001000011110111010011110011101111111110110	11110100011000111111101101
010001010111110101110010011100001011000101111101100101010011	00000111111000000111111000
000000011000111010011101010100011001000001011101100010111001	00000111111000101111100010
101100000101101011011101101110100111111010011010010100001101	00001011101000001111111011
011010110010001011101011110000000100000101010111001100101100	00010111101000010000000000
010101011011011101101011111100010100001001110000010100000100	00000111101000011101001011
101100110111001010010011000111001000001001001010100000000011	00000111101000000111101100
100001111100111001101001110100010101000111010110011011011000	00000110011000000101100010
101000000111111010101011111111101110011100000110000101000110	00000111101000000111111101
101011110001011101101111000001101000011011001110101111111111	10010111111000111011111111
100101001000010001101110000101111100011010100010100000011010	10000111101000000111001111
110100101100000110010000011100001011101100000101011101010011	01010111111000010111101000
110000001000000101010011100101111100010011111100011110000001	00010111101100000111101010
000001010001111001101100000011011101100111110011100011010000	00000111011000001000011111
100101000100101001010100000101010111000101010000001000011000	00000111101000011001001010
100101101111110110000000110000001011100000111000100000001110	00000111101000001101000000
011010011000101101010111001001101011110011010010011010110100	00000111111000111011101010
101000111011101010100111100111000101100100111001110101011110	00000100111000011111101111
001101000100101000011101001011101000101100111000101010101111	00000111101000100111101011
000000100011111001001001000000110011001110000110010110001100	01100111101000000011100100
110010101111111000101010000000110001110011101010001010100101	00000111101000100011110011
111100100101010101101110011111110101101001101100110001110000	00000111111000101110111111
111001011111111001100111011111110111011011110000101111110110	10010111111100111111111111
101111111110100010111100000100001010001110100011111100001110	11110111101000011101101111
111001000101101000101101011001101011111010101011000010010100	00000111111000011111111101
110100001001001101110011001011011011010001111000000101000010	00000111101000001111111110
110000001000100001010001011111100000101010111111110110110101	10000101111000110111000011
110110000100110110010101001001100110011001101000010101110110	00000111111100111001011110
000111101101001100011010011011101101010001001111100001101011	00000111101100110110001111
110011011011001010011011110011110111101101011010110011101111	01001100101000100111111111
010100001111100101000101010111011000101011101010001111011000	00010111111000000111101111
100000110000001001101111000101000101010010101010010101110100	00000111111000111111101101
100110011111110101100000111011101101111000000011111110100000	00010011101000101101101101
000111000001011100110101110011001011000101100101100010111011	00000111111000100111010101
001011111010101101000011110010000000000110110111110001101101	00000100001000100010101000
000111110011011010000101011101000110000111011111001101101011	00010111001000110111101110
001101001101101101100010010001111111110000110010000010011110	00001011111000000110011101
110111000100110101000000000110010110000000001000111000100101	00000111101000001011000101
111101101100011111101101111100111100001110000111001010010100	00100111111000010101100001
101101010101101101111110010011000010010010010001001100111011	00010111101000001101111111
010110011011111110000111101011111001111010101010110101010100	10000111111000001111101011
011001111010111000111000011011110111010101011100010101101000	00000110101100101100100111
011010000000000111001111101111111101101000001111001111110111	00010111111000110111101101
011000011110001100101011111101111100110111101101000100111010	00000111101100000111101111
101101100011100110101011111011110100110111111101000100001011	00000111001100001111111111
101110010011101111111100100011010110110000101100111001111001	00000111111000101100111111
100001110001001100011011000111011110100100000001100100111000	00000111101000000111111111
011100101111101000011011111001100001001100101000110100010001	01000111101000010111100011
011000100110110111111011111011110000000100111101010100001001	00000110101000011111101111
100101011101000010100101011100101110110100111101111100001000	00010100101000010101010110
110101010110001001100011100001000010110110011111001110011101	00010111011000011011000100
011010010010011111110010111001011100100000101010000110000001	00000111101000010110100110
110101101100000100011011010111011110100111111100110111001000	00000100001000010111100011
011010100100100110010111011010011101011000100011011110000100	00010111101000011011101010
000001100100100000111000010100100000010000111101011111011101	00010111111000001011100011
100100101111000111101111111001101011110000010110001110111001	00010111111000101111111101
000000011011001111100000101010001101110110000111001101110100	00010011111000101000101101
110100011111110001001000000111100100101110110110011101101011	01110110001000110110001011
101101101100010000100110000110100011010001000111000011010100	00000111111000010111101101
100110100000010111110101011000100001100000101100001110000000	00010111101000010101000000
101011010000000110001111010110010001001111000111010100010101	01100111101000001111101101
001110111100000010000111001000010111111010001010110011110010	10001011111000111000000000
010100101111011101011100101011001100100101001100100001100001	00000111101000110100100111
010001111111001111111100110000100110101010000101000110001101	00000111101000011000011101
000011010000011001001000111010000000111101001010001101100011	00010111101000100110000001
001100100010001011101101101111011000101100010110000010011011	00000111111000010111101111
010000011100010101101110010100000011101001110010101001001111	00000111101000010110001011
110111101110010111001111100111111001001001001101100101001010	00000111101000010111101111
010111111110000000110110001010011100011000100101101100001010	00010111101000000110101110
111110010000000010011010111010110100011001001100101011011110	00000111111100000011000011
100100010000010101101101101111010010011011100010100011010000	10000111111000010111101101
111001000100010110100110100100100110011110111001101010001100	10100111001000001001000011
011010111010000111001110010101010001110101101100000111000001	00000111101000010110101101
001011100001111101110011111101001100011111101100001101001111	00110111101100001111111111
100101000100101111111000001101100111101011111101110101110010	10001101111011111001001111
101011000000111101000001011101100001100011001100011010011110	00000111111000001111101111
111011111101000010010001111100101110000111010011010010010111	00000110011000000111111111
100110000001111010000110001101011110111101011100000100101000	00000111101100011111111111
110010011001010111101000111101111010001101001111000011001000	00000111101000011101111111
111101110000101001101100010000011101100100001110111000011001	00000111101000010101100000
110101010111110100000101111000010010011101100010111000011001	01000111101000000011001110
111011110100101011011000110001110011111001001100011000101001	00000111101000001110100011
001011011001100101110001100001110111111011100010001001111110	00001011111100100111111111
010111011000111011101000000010011110010101011001001010000000	00000111101100010100100101
101100011101001001001100110010100010111010101001011111001010	00010111101000011001101111
011100110010011000011101011110101101011110011011000010100110	00100111001000110101101011
100011101111101110101100010111001110101110000111010010111110	01100111111000101101111111
110111110000101000111011001111010000011110111001001100101011	00110111001000000111101111
010100110000110110011110111000010100111001011010101001000010	00000111101100011111000000
110111101111111110000100000000001010011001011101100101101001	00000111101000110101100000
101000011111110001100001011110011101110100011111100000101000	00000011101000011101100111
100001001000001100100110110011000100010111010010001110010111	00010111011100011110101100
111011111101101001111010001010000001110011100001000011111001	00000111111000110100111010
100001010000001100111010010110001111010000111110111011111101	00000101111000111111000111
101000000000100100000110111001011010101001111101110100110101	00000101101000001111101000
011001000001001101101011001000101010100101111100100001011000	00000111111000001000110101
000001010110011111000110101110100111011000110111011101101101	00010111101000111111101011
101000010010101001101100111010101000110001100110001000111101	00000111101000010011101101
011011011110001111001100110010111110001110100001011111110011	01110111111000111001101001
001000111001100111111011010111000011000010101001111010001110	00000111101000000101111111
011100101100000101010001111111000100010101110100100100110010	00000111101100000111101010
100011101010010000000100101010011011101111101110001101111111	00110111111000101001101000
001111000000100011101000010010011000111000010011011100110111	00010111101000001110100101
010001000110000111101100111001111110010001011011010101001000	00000111101100001100101101
100010111000010001010011000100000101101010011011001000001100	00000111101000011100100111
011110000001111101100010101100110110011100100011101100101010	00010111101000000000011110
010000000100110010011110000111110100011001110101110101011001	00000101111100011111111111
110101000001100010110000100111011010011111011110000011010110	00100111011000011111111111
010101000100100001010000011100000110011100001100001010001111	00000111101000000011001011
101110010011011011100110001001100100100110011100000110101000	00000111001000110010001101
010100010010010111011010000101011011010110001100010010011111	00000111111000001111101011
111000001111111101111110101101101101000111010010100010111111	00000111011000110011111111
100101111111010001111101100111011011101000111101110011011111	00000101111000001111111111
110100100010000001000010110100001011010010000101011100110101	00010111101000001111100001
010100001000000010111110110001001010110010001011001011010101	00000111111000011110101111
110010110001110001110100011100101011011111111111011100111000	01110110001000011101110110
011111010001101100110101111001111010111011110110101001110101	10000111111000101111111111
111100010111011111101100000010111111111001000000001001000100	00001011101100000111111111
111100100001011111101001111100100000000010100010001111100010	00010111101000100101101000
101010010010100101111010001010010100001011110000100101011001	10000111111000001110000111
010001111001110111000100100101000010010110010011011110110100	00010110011000110111100101
011000111100011101110101010000111101100110010110110110010001	00000100011000010000100000
100000111100000010111101000110101101100101100011110101101101	00000111101000110111101111
100110101111101100010111101010111101111000101111010000101011	00000011101000011111101101
000101101110101011100100000111010101110100101011001001010000	00000011111000011001101100
010010110111100001011000101110001000111110110000011001001000	01100110001000011110100110
101111110000100111011111110011100010101111001001111101001000	11110111101000001111101111
010100101100001011000100001100111010011011000100011000110010	00000111101000001100101000
010100110101010000001101000000101110101110100001000001001100	00100111101000010100100001
011100110111010010100101000001011110101101001000011110100001	01010111101000110101111111
101011111000110000110100001001110100010110001001100111101010	00000111101000100000001110
100001000000001110010000100101111111111010100001111010011001	10001011111000010011100010
100001010010010011100100011111110111001001011011111101011001	00010101111000010111001110
101011000111101110101000111010110011010011111101001110111001	00010111111000110111111111
100001010101011010110111101100010111101001001100111010010010	00001111111000000111111111
101110101100101111011010101010101000111010101011000001000011	00000111101000010111101011
001010001010101011111101110111110000110111111011011011111001	00000110011000101111111111
101110000110111000110000001101100101110110001111111110101000	00010011101000110000000110
000101100111101010010101101110101110000010111111110100101001	00000101101000000111101110
010110010101110100011101000001111110110010110101111011000100	00000101101000011101111111
010000000100001101010001100100011101011000010100111101101101	00010101101000100010100011
010001000110110101100000010100000110010010011100101011111011	00000111111000101011001010
101110111110100010100001110110110100000100110100100111111011	00000111111000101110101110
100001001101010001011101100110010011010100010101001100110000	00010111101000010011101111
111011011110010101001100110000101110100111010111111100101111	00010100001000011001100000
011111100110000111001011001100011010101010110010100110011110	10000111111000011101101111
001001110001111011110111111110011000011101010010010001010000	01000110111000010111110011
011001100010111000010000100010000001101111011101000010111001	00100111011000110100001010
010101100111111110011011011100010010111100110000100100111111	00000111101000001111111111
111101011011111100100011011001110100011110101101010111000100	01100111101000011111001100
011000001101110100111000011111100001011011011001110110010011	10000101111000000111111111
110000110111010101000101101100001011000100110000011011001010	00000110101000001101101010
001010110010110010011101101000010011111010100001100001010011	10000111111000010111000000
011010101000111011000111110000011100010101001000100010101100	00000111101100101000100000
100110011101000100011011001111010110111011101101010011001001	00000111101100010111111111
101001011110100001000111110100100010110101100011000110011110	00000111111000000111001011
001110110010100111101001111111010110100001100101011101100001	00010111101000100111101101
001101010011101111101000001111111111101010100010101101101010	10011111101000111101011111
011111110011111011000000000101110100011100011001011010101100	01000110101000100101100111
010110011111110001000010010101000111010110110110000101010010	00000111011000011110001100
001110000010010000000111000101101010100111111100100111011001	00000111011000011111001110
111011110111010010000000111011010100110110001110010011110110	00000111111000110101100001
100000010001001110001101111000011001101010111111110100011111	10000101101000010101101001
001001001011010100000010110111001000101010110001110111100111	10000101101000101111101011
100110101000100001001100011101001010100011000000011011000110	00000111101000000111101101
000101011011110111010110100110111001000010101011011101101110	00010111101000110111101011
011110000110101101111110100010101010001010110010001101010011	00010111111000001111110000
001110000011100111100000101111000100101100111011100001000111	00000111101000001110101101
001011110110011001100000101001100011000001100111111110110010	00010111111000100001100100
111010101000111101100110110111000001111100100010100011101000	00000111101000111111101111
111111101111010100011011011111101101100011000111110010000011	00000111101000011111101111
011011110010010000110010010110010100011010000110000011010011	00000111111000000111101110
101100000010110100110100100100100000111010001010010010010100	00000111111000000000000001
010010010000011111111100010010110101010010011101010100100110	00000111101000011100001111
100011100111100010011110001100000010000000011111011110001000	00010111101000010001110110
111011011111111111001011000100111011001101011011000100011011	00000111101000000111111110
101000101011010100100000111110100101101011100100010101110010	00000111111000100001101111
100100100010110010001011001110001010000010010110011010010100	00000111111000010111101001
101111101110000101000001101110111110000100110100000111101000	00000111101000100101100110
001110110111010111111101111010001000001010110000000000000011	00000111101000001111010000
111100111111001011010011110001000011100000000111111101110101	00010111111000110011000111
110100100110001011001010000101000000101101000000110000110101	01000111101000011110100001
111110101010000101111111000100000101010011000010011001001100	00000111101100010000100111
001111100100100101001101000010101011100110000001011111111001	00010111111000110111001001
100001111111010011111100000000111001010001111000101101100101	00010111101000101101010010
000100101111101010001111000100000111101001101001011000110101	00001111101010001010110001
110110000100011010011010000000101110010101011111010011111101	00000110111100100101100000
000100100001101110000001010011101000101001011000000101001110	00000111101000000111101111
010110011010010011101011110111000100011010001001001110110101	00010111111000110111100101
101101001001011011001101011000010011100110110000100100000011	00000111001000001101100101
110101110011111100010000010100110110100001011110101000101011	00000111101000010111111111
010100110011100000100100001011111110010111100111001100100011	00010111101100011100111110
110111000001001001110101100000001111010110110010101011100011	00000111001000111101110000
